     0.2500     4.0000     3.7500  2.6512E-11  3.9805E-01  0.0000E+00  1.3703E-01  4.4901E-01  0.0000E+00
     0.2500     4.0000     3.7500  2.6512E-11  3.9805E-01  0.0000E+00  1.3703E-01  4.4901E-01  0.0000E+00
     0.2500     4.0000     3.7500  2.1747E+02  6.1703E+01  2.1747E+02  1.2580E+02  3.5635E+01  9.6773E+01
     0.2500     4.0000     3.7500  4.7778E+02  1.3136E+02  4.7778E+02  3.5401E+02  9.9532E+01  3.0639E+02
     0.2500     4.0000     3.7500  6.8856E+02  1.8342E+02  6.8856E+02  5.4660E+02  1.5346E+02  4.8956E+02
     0.2500     4.0000     3.7500  8.3543E+02  2.1871E+02  8.3543E+02  6.8261E+02  1.9154E+02  6.2025E+02
     0.2500     4.0000     3.7500  9.0840E+02  2.3605E+02  9.0840E+02  7.5057E+02  2.1057E+02  6.8579E+02
     0.2500     4.0000     3.7500  9.0248E+02  2.3465E+02  9.0248E+02  7.4505E+02  2.0902E+02  6.8046E+02
     0.2500     4.0000     3.7500  8.1807E+02  2.1457E+02  8.1807E+02  6.6648E+02  1.8702E+02  6.0470E+02
     0.2500     4.0000     3.7500  6.6094E+02  1.7671E+02  6.6094E+02  5.2116E+02  1.4634E+02  4.6521E+02
     0.2500     4.0000     3.7500  4.4179E+02  1.2220E+02  4.4179E+02  3.2156E+02  9.0448E+01  2.7589E+02
     0.2500     4.0000     3.7500  1.7555E+02  4.9407E+01  1.7555E+02  9.1956E+01  2.6158E+01  6.7510E+01
     0.2500     4.0000     3.7500  2.6512E-11  3.9805E-01  0.0000E+00  1.3703E-01  4.4901E-01  0.0000E+00
     0.2500     4.0000     3.7500  2.6512E-11  3.9805E-01  0.0000E+00  1.3703E-01  4.4901E-01  0.0000E+00
     0.2500     4.0000     3.7500  2.6512E-11  3.9805E-01  0.0000E+00  1.3703E-01  4.4901E-01  0.0000E+00
     0.2500     4.0000     3.7500  2.6512E-11  3.9805E-01  0.0000E+00  1.3703E-01  4.4901E-01  0.0000E+00
     0.2500     4.0000     3.7500  2.6512E-11  3.9805E-01  0.0000E+00  1.3703E-01  4.4901E-01  0.0000E+00
     0.2500     4.0000     3.7500  2.6512E-11  3.9805E-01  0.0000E+00  1.3703E-01  4.4901E-01  0.0000E+00
     0.2500     4.0000     3.7500  2.6512E-11  3.9805E-01  0.0000E+00  1.3703E-01  4.4901E-01  0.0000E+00
     0.2500     4.0000     3.7500  2.6512E-11  3.9805E-01  0.0000E+00  1.3703E-01  4.4901E-01  0.0000E+00
     0.2500     4.0000     3.7500  2.6512E-11  3.9805E-01  0.0000E+00  1.3703E-01  4.4901E-01  0.0000E+00
     0.2500     4.0000     3.7500  2.6512E-11  3.9805E-01  0.0000E+00  1.3703E-01  4.4901E-01  0.0000E+00
     0.2500     4.0000     3.7500  2.6512E-11  3.9805E-01  0.0000E+00  1.3703E-01  4.4901E-01  0.0000E+00
     0.2500     4.0000     3.7500  2.6512E-11  3.9805E-01  0.0000E+00  1.3703E-01  4.4901E-01  0.0000E+00
