     0.2500     4.0000     3.7500  1.0829E-10  4.2667E-01  0.0000E+00  1.4048E-01  4.8436E-01  0.0000E+00
     0.2500     4.0000     3.7500  1.0829E-10  4.2667E-01  0.0000E+00  1.4048E-01  4.8436E-01  0.0000E+00
     0.2500     4.0000     3.7500  2.2063E+02  5.3741E+01  2.2063E+02  1.2772E+02  2.6001E+01  9.8847E+01
     0.2500     4.0000     3.7500  4.7533E+02  1.0578E+02  4.7533E+02  3.4912E+02  7.0279E+01  3.0344E+02
     0.2500     4.0000     3.7500  6.7968E+02  1.4299E+02  6.7968E+02  5.3408E+02  1.0727E+02  4.8033E+02
     0.2500     4.0000     3.7500  8.1974E+02  1.6750E+02  8.1974E+02  6.6257E+02  1.3297E+02  6.0446E+02
     0.2500     4.0000     3.7500  8.8598E+02  1.7892E+02  8.8598E+02  7.2368E+02  1.4519E+02  6.6371E+02
     0.2500     4.0000     3.7500  8.7387E+02  1.7684E+02  8.7387E+02  7.1250E+02  1.4296E+02  6.5286E+02
     0.2500     4.0000     3.7500  7.8425E+02  1.6134E+02  7.8425E+02  6.2991E+02  1.2644E+02  5.7284E+02
     0.2500     4.0000     3.7500  6.2322E+02  1.3292E+02  6.2322E+02  4.8263E+02  9.6982E+01  4.3085E+02
     0.2500     4.0000     3.7500  4.0175E+02  9.1678E+01  4.0175E+02  2.8361E+02  5.7179E+01  2.4169E+02
     0.2500     4.0000     3.7500  1.3494E+02  3.3096E+01  1.3494E+02  6.1144E+01  1.2685E+01  4.1942E+01
     0.2500     4.0000     3.7500  1.0829E-10  4.2667E-01  0.0000E+00  1.4048E-01  4.8436E-01  0.0000E+00
     0.2500     4.0000     3.7500  1.0829E-10  4.2667E-01  0.0000E+00  1.4048E-01  4.8436E-01  0.0000E+00
     0.2500     4.0000     3.7500  1.0829E-10  4.2667E-01  0.0000E+00  1.4048E-01  4.8436E-01  0.0000E+00
     0.2500     4.0000     3.7500  1.0829E-10  4.2667E-01  0.0000E+00  1.4048E-01  4.8436E-01  0.0000E+00
     0.2500     4.0000     3.7500  1.0829E-10  4.2667E-01  0.0000E+00  1.4048E-01  4.8436E-01  0.0000E+00
     0.2500     4.0000     3.7500  1.0829E-10  4.2667E-01  0.0000E+00  1.4048E-01  4.8436E-01  0.0000E+00
     0.2500     4.0000     3.7500  1.0829E-10  4.2667E-01  0.0000E+00  1.4048E-01  4.8436E-01  0.0000E+00
     0.2500     4.0000     3.7500  1.0829E-10  4.2667E-01  0.0000E+00  1.4048E-01  4.8436E-01  0.0000E+00
     0.2500     4.0000     3.7500  1.0829E-10  4.2667E-01  0.0000E+00  1.4048E-01  4.8436E-01  0.0000E+00
     0.2500     4.0000     3.7500  1.0829E-10  4.2667E-01  0.0000E+00  1.4048E-01  4.8436E-01  0.0000E+00
     0.2500     4.0000     3.7500  1.0829E-10  4.2667E-01  0.0000E+00  1.4048E-01  4.8436E-01  0.0000E+00
     0.2500     4.0000     3.7500  1.0829E-10  4.2667E-01  0.0000E+00  1.4048E-01  4.8436E-01  0.0000E+00
