     0.2500     4.0000     3.7500 -3.1584E-11  3.9804E-01  0.0000E+00  1.5056E-01  4.5279E-01  0.0000E+00
     0.2500     4.0000     3.7500 -3.1584E-11  3.9804E-01  0.0000E+00  1.5056E-01  4.5279E-01  0.0000E+00
     0.2500     4.0000     3.7500  2.1693E+02  6.0991E+01  2.1693E+02  1.2277E+02  3.4788E+01  9.3680E+01
     0.2500     4.0000     3.7500  4.7620E+02  1.2950E+02  4.7620E+02  3.4717E+02  9.7617E+01  2.9960E+02
     0.2500     4.0000     3.7500  6.8581E+02  1.8062E+02  6.8581E+02  5.3664E+02  1.5067E+02  4.7971E+02
     0.2500     4.0000     3.7500  8.3147E+02  2.1518E+02  8.3147E+02  6.7019E+02  1.8806E+02  6.0797E+02
     0.2500     4.0000     3.7500  9.0326E+02  2.3204E+02  9.0326E+02  7.3642E+02  2.0661E+02  6.7182E+02
     0.2500     4.0000     3.7500  8.9630E+02  2.3041E+02  8.9630E+02  7.2998E+02  2.0480E+02  6.6561E+02
     0.2500     4.0000     3.7500  8.1104E+02  2.1037E+02  8.1104E+02  6.5139E+02  1.8280E+02  5.8988E+02
     0.2500     4.0000     3.7500  6.5331E+02  1.7282E+02  6.5331E+02  5.0703E+02  1.4238E+02  4.5139E+02
     0.2500     4.0000     3.7500  4.3385E+02  1.1886E+02  4.3385E+02  3.0946E+02  8.7059E+01  2.6419E+02
     0.2500     4.0000     3.7500  1.6762E+02  4.6651E+01  1.6762E+02  8.3776E+01  2.3868E+01  6.0135E+01
     0.2500     4.0000     3.7500 -3.1584E-11  3.9804E-01  0.0000E+00  1.5056E-01  4.5279E-01  0.0000E+00
     0.2500     4.0000     3.7500 -3.1584E-11  3.9804E-01  0.0000E+00  1.5056E-01  4.5279E-01  0.0000E+00
     0.2500     4.0000     3.7500 -3.1584E-11  3.9804E-01  0.0000E+00  1.5056E-01  4.5279E-01  0.0000E+00
     0.2500     4.0000     3.7500 -3.1584E-11  3.9804E-01  0.0000E+00  1.5056E-01  4.5279E-01  0.0000E+00
     0.2500     4.0000     3.7500 -3.1584E-11  3.9804E-01  0.0000E+00  1.5056E-01  4.5279E-01  0.0000E+00
     0.2500     4.0000     3.7500 -3.1584E-11  3.9804E-01  0.0000E+00  1.5056E-01  4.5279E-01  0.0000E+00
     0.2500     4.0000     3.7500 -3.1584E-11  3.9804E-01  0.0000E+00  1.5056E-01  4.5279E-01  0.0000E+00
     0.2500     4.0000     3.7500 -3.1584E-11  3.9804E-01  0.0000E+00  1.5056E-01  4.5279E-01  0.0000E+00
     0.2500     4.0000     3.7500 -3.1584E-11  3.9804E-01  0.0000E+00  1.5056E-01  4.5279E-01  0.0000E+00
     0.2500     4.0000     3.7500 -3.1584E-11  3.9804E-01  0.0000E+00  1.5056E-01  4.5279E-01  0.0000E+00
     0.2500     4.0000     3.7500 -3.1584E-11  3.9804E-01  0.0000E+00  1.5056E-01  4.5279E-01  0.0000E+00
     0.2500     4.0000     3.7500 -3.1584E-11  3.9804E-01  0.0000E+00  1.5056E-01  4.5279E-01  0.0000E+00
