     0.2500     4.0000     3.7500  8.7448E-11  3.9798E-01  0.0000E+00  1.5422E-01  4.5382E-01  0.0000E+00
     0.2500     4.0000     3.7500  8.7448E-11  3.9798E-01  0.0000E+00  1.5422E-01  4.5382E-01  0.0000E+00
     0.2500     4.0000     3.7500  2.1683E+02  6.0809E+01  2.1683E+02  1.2202E+02  3.4576E+01  9.2909E+01
     0.2500     4.0000     3.7500  4.7660E+02  1.2922E+02  4.7660E+02  3.4612E+02  9.7324E+01  2.9853E+02
     0.2500     4.0000     3.7500  6.8679E+02  1.8029E+02  6.8679E+02  5.3561E+02  1.5038E+02  4.7865E+02
     0.2500     4.0000     3.7500  8.3307E+02  2.1488E+02  8.3307E+02  6.6939E+02  1.8784E+02  6.0714E+02
     0.2500     4.0000     3.7500  9.0547E+02  2.3182E+02  9.0547E+02  7.3602E+02  2.0650E+02  6.7137E+02
     0.2500     4.0000     3.7500  8.9905E+02  2.3032E+02  8.9905E+02  7.3011E+02  2.0484E+02  6.6567E+02
     0.2500     4.0000     3.7500  8.1426E+02  2.1046E+02  8.1426E+02  6.5213E+02  1.8301E+02  5.9052E+02
     0.2500     4.0000     3.7500  6.5688E+02  1.7314E+02  6.5688E+02  5.0842E+02  1.4277E+02  4.5264E+02
     0.2500     4.0000     3.7500  4.3762E+02  1.1946E+02  4.3762E+02  3.1149E+02  8.7629E+01  2.6601E+02
     0.2500     4.0000     3.7500  1.7143E+02  4.7668E+01  1.7143E+02  8.6159E+01  2.4535E+01  6.2030E+01
     0.2500     4.0000     3.7500  8.7448E-11  3.9798E-01  0.0000E+00  1.5422E-01  4.5382E-01  0.0000E+00
     0.2500     4.0000     3.7500  8.7448E-11  3.9798E-01  0.0000E+00  1.5422E-01  4.5382E-01  0.0000E+00
     0.2500     4.0000     3.7500  8.7448E-11  3.9798E-01  0.0000E+00  1.5422E-01  4.5382E-01  0.0000E+00
     0.2500     4.0000     3.7500  8.7448E-11  3.9798E-01  0.0000E+00  1.5422E-01  4.5382E-01  0.0000E+00
     0.2500     4.0000     3.7500  8.7448E-11  3.9798E-01  0.0000E+00  1.5422E-01  4.5382E-01  0.0000E+00
     0.2500     4.0000     3.7500  8.7448E-11  3.9798E-01  0.0000E+00  1.5422E-01  4.5382E-01  0.0000E+00
     0.2500     4.0000     3.7500  8.7448E-11  3.9798E-01  0.0000E+00  1.5422E-01  4.5382E-01  0.0000E+00
     0.2500     4.0000     3.7500  8.7448E-11  3.9798E-01  0.0000E+00  1.5422E-01  4.5382E-01  0.0000E+00
     0.2500     4.0000     3.7500  8.7448E-11  3.9798E-01  0.0000E+00  1.5422E-01  4.5382E-01  0.0000E+00
     0.2500     4.0000     3.7500  8.7448E-11  3.9798E-01  0.0000E+00  1.5422E-01  4.5382E-01  0.0000E+00
     0.2500     4.0000     3.7500  8.7448E-11  3.9798E-01  0.0000E+00  1.5422E-01  4.5382E-01  0.0000E+00
     0.2500     4.0000     3.7500  8.7448E-11  3.9798E-01  0.0000E+00  1.5422E-01  4.5382E-01  0.0000E+00
