     0.2500     4.0000     3.7500  5.7771E-11  4.2759E-01  0.0000E+00  1.2774E-01  4.8181E-01  0.0000E+00
     0.2500     4.0000     3.7500  5.7771E-11  4.2759E-01  0.0000E+00  1.2774E-01  4.8181E-01  0.0000E+00
     0.2500     4.0000     3.7500  2.1997E+02  5.4505E+01  2.1997E+02  1.3093E+02  2.6643E+01  1.0197E+02
     0.2500     4.0000     3.7500  4.7518E+02  1.0728E+02  4.7518E+02  3.5543E+02  7.1543E+01  3.0965E+02
     0.2500     4.0000     3.7500  6.8011E+02  1.4506E+02  6.8011E+02  5.4282E+02  1.0902E+02  4.8894E+02
     0.2500     4.0000     3.7500  8.2081E+02  1.6999E+02  8.2081E+02  6.7313E+02  1.3508E+02  6.1488E+02
     0.2500     4.0000     3.7500  8.8767E+02  1.8165E+02  8.8767E+02  7.3540E+02  1.4754E+02  6.7528E+02
     0.2500     4.0000     3.7500  8.7615E+02  1.7965E+02  8.7615E+02  7.2466E+02  1.4539E+02  6.6485E+02
     0.2500     4.0000     3.7500  7.8703E+02  1.6405E+02  7.8703E+02  6.4175E+02  1.2881E+02  5.8449E+02
     0.2500     4.0000     3.7500  6.2638E+02  1.3536E+02  6.2638E+02  4.9336E+02  9.9129E+01  4.4136E+02
     0.2500     4.0000     3.7500  4.0515E+02  9.3705E+01  4.0515E+02  2.9240E+02  5.8936E+01  2.5017E+02
     0.2500     4.0000     3.7500  1.3843E+02  3.4656E+01  1.3843E+02  6.6208E+01  1.3698E+01  4.6376E+01
     0.2500     4.0000     3.7500  5.7771E-11  4.2759E-01  0.0000E+00  1.2774E-01  4.8181E-01  0.0000E+00
     0.2500     4.0000     3.7500  5.7771E-11  4.2759E-01  0.0000E+00  1.2774E-01  4.8181E-01  0.0000E+00
     0.2500     4.0000     3.7500  5.7771E-11  4.2759E-01  0.0000E+00  1.2774E-01  4.8181E-01  0.0000E+00
     0.2500     4.0000     3.7500  5.7771E-11  4.2759E-01  0.0000E+00  1.2774E-01  4.8181E-01  0.0000E+00
     0.2500     4.0000     3.7500  5.7771E-11  4.2759E-01  0.0000E+00  1.2774E-01  4.8181E-01  0.0000E+00
     0.2500     4.0000     3.7500  5.7771E-11  4.2759E-01  0.0000E+00  1.2774E-01  4.8181E-01  0.0000E+00
     0.2500     4.0000     3.7500  5.7771E-11  4.2759E-01  0.0000E+00  1.2774E-01  4.8181E-01  0.0000E+00
     0.2500     4.0000     3.7500  5.7771E-11  4.2759E-01  0.0000E+00  1.2774E-01  4.8181E-01  0.0000E+00
     0.2500     4.0000     3.7500  5.7771E-11  4.2759E-01  0.0000E+00  1.2774E-01  4.8181E-01  0.0000E+00
     0.2500     4.0000     3.7500  5.7771E-11  4.2759E-01  0.0000E+00  1.2774E-01  4.8181E-01  0.0000E+00
     0.2500     4.0000     3.7500  5.7771E-11  4.2759E-01  0.0000E+00  1.2774E-01  4.8181E-01  0.0000E+00
     0.2500     4.0000     3.7500  5.7771E-11  4.2759E-01  0.0000E+00  1.2774E-01  4.8181E-01  0.0000E+00
