     0.2500     4.0000     3.7500 -3.4738E-11  4.2733E-01  0.0000E+00  1.3161E-01  4.8259E-01  0.0000E+00
     0.2500     4.0000     3.7500 -3.4738E-11  4.2733E-01  0.0000E+00  1.3161E-01  4.8259E-01  0.0000E+00
     0.2500     4.0000     3.7500  2.1931E+02  5.3807E+01  2.1931E+02  1.2868E+02  2.6193E+01  9.9955E+01
     0.2500     4.0000     3.7500  4.7502E+02  1.0653E+02  4.7502E+02  3.5276E+02  7.1007E+01  3.0708E+02
     0.2500     4.0000     3.7500  6.8053E+02  1.4428E+02  6.8053E+02  5.4012E+02  1.0848E+02  4.8631E+02
     0.2500     4.0000     3.7500  8.2185E+02  1.6921E+02  8.2185E+02  6.7065E+02  1.3459E+02  6.1244E+02
     0.2500     4.0000     3.7500  8.8935E+02  1.8094E+02  8.8935E+02  7.3333E+02  1.4712E+02  6.7324E+02
     0.2500     4.0000     3.7500  8.7841E+02  1.7905E+02  8.7841E+02  7.2316E+02  1.4509E+02  6.6337E+02
     0.2500     4.0000     3.7500  7.8979E+02  1.6361E+02  7.8979E+02  6.4095E+02  1.2865E+02  5.8368E+02
     0.2500     4.0000     3.7500  6.2954E+02  1.3511E+02  6.2954E+02  4.9331E+02  9.9119E+01  4.4128E+02
     0.2500     4.0000     3.7500  4.0855E+02  9.3704E+01  4.0855E+02  2.9311E+02  5.9077E+01  2.5080E+02
     0.2500     4.0000     3.7500  1.4191E+02  3.5086E+01  1.4191E+02  6.7530E+01  1.3962E+01  4.7449E+01
     0.2500     4.0000     3.7500 -3.4738E-11  4.2733E-01  0.0000E+00  1.3161E-01  4.8259E-01  0.0000E+00
     0.2500     4.0000     3.7500 -3.4738E-11  4.2733E-01  0.0000E+00  1.3161E-01  4.8259E-01  0.0000E+00
     0.2500     4.0000     3.7500 -3.4738E-11  4.2733E-01  0.0000E+00  1.3161E-01  4.8259E-01  0.0000E+00
     0.2500     4.0000     3.7500 -3.4738E-11  4.2733E-01  0.0000E+00  1.3161E-01  4.8259E-01  0.0000E+00
     0.2500     4.0000     3.7500 -3.4738E-11  4.2733E-01  0.0000E+00  1.3161E-01  4.8259E-01  0.0000E+00
     0.2500     4.0000     3.7500 -3.4738E-11  4.2733E-01  0.0000E+00  1.3161E-01  4.8259E-01  0.0000E+00
     0.2500     4.0000     3.7500 -3.4738E-11  4.2733E-01  0.0000E+00  1.3161E-01  4.8259E-01  0.0000E+00
     0.2500     4.0000     3.7500 -3.4738E-11  4.2733E-01  0.0000E+00  1.3161E-01  4.8259E-01  0.0000E+00
     0.2500     4.0000     3.7500 -3.4738E-11  4.2733E-01  0.0000E+00  1.3161E-01  4.8259E-01  0.0000E+00
     0.2500     4.0000     3.7500 -3.4738E-11  4.2733E-01  0.0000E+00  1.3161E-01  4.8259E-01  0.0000E+00
     0.2500     4.0000     3.7500 -3.4738E-11  4.2733E-01  0.0000E+00  1.3161E-01  4.8259E-01  0.0000E+00
     0.2500     4.0000     3.7500 -3.4738E-11  4.2733E-01  0.0000E+00  1.3161E-01  4.8259E-01  0.0000E+00
