     0.2500     4.0000     3.7500 -9.5391E-11  4.2742E-01  0.0000E+00  1.3023E-01  4.8231E-01  0.0000E+00
     0.2500     4.0000     3.7500 -9.5391E-11  4.2742E-01  0.0000E+00  1.3023E-01  4.8231E-01  0.0000E+00
     0.2500     4.0000     3.7500  2.1864E+02  5.3733E+01  2.1864E+02  1.2850E+02  2.6156E+01  9.9830E+01
     0.2500     4.0000     3.7500  4.7484E+02  1.0665E+02  4.7484E+02  3.5327E+02  7.1110E+01  3.0760E+02
     0.2500     4.0000     3.7500  6.8094E+02  1.4455E+02  6.8094E+02  5.4138E+02  1.0873E+02  4.8755E+02
     0.2500     4.0000     3.7500  8.2288E+02  1.6963E+02  8.2288E+02  6.7263E+02  1.3498E+02  6.1438E+02
     0.2500     4.0000     3.7500  8.9100E+02  1.8148E+02  8.9100E+02  7.3596E+02  1.4765E+02  6.7582E+02
     0.2500     4.0000     3.7500  8.8066E+02  1.7969E+02  8.8066E+02  7.2633E+02  1.4572E+02  6.6646E+02
     0.2500     4.0000     3.7500  7.9255E+02  1.6432E+02  7.9255E+02  6.4449E+02  1.2935E+02  5.8713E+02
     0.2500     4.0000     3.7500  6.3268E+02  1.3587E+02  6.3268E+02  4.9703E+02  9.9862E+01  4.4488E+02
     0.2500     4.0000     3.7500  4.1195E+02  9.4504E+01  4.1195E+02  2.9674E+02  5.9805E+01  2.5425E+02
     0.2500     4.0000     3.7500  1.4540E+02  3.6026E+01  1.4540E+02  7.0369E+01  1.4530E+01  4.9833E+01
     0.2500     4.0000     3.7500 -9.5391E-11  4.2742E-01  0.0000E+00  1.3023E-01  4.8231E-01  0.0000E+00
     0.2500     4.0000     3.7500 -9.5391E-11  4.2742E-01  0.0000E+00  1.3023E-01  4.8231E-01  0.0000E+00
     0.2500     4.0000     3.7500 -9.5391E-11  4.2742E-01  0.0000E+00  1.3023E-01  4.8231E-01  0.0000E+00
     0.2500     4.0000     3.7500 -9.5391E-11  4.2742E-01  0.0000E+00  1.3023E-01  4.8231E-01  0.0000E+00
     0.2500     4.0000     3.7500 -9.5391E-11  4.2742E-01  0.0000E+00  1.3023E-01  4.8231E-01  0.0000E+00
     0.2500     4.0000     3.7500 -9.5391E-11  4.2742E-01  0.0000E+00  1.3023E-01  4.8231E-01  0.0000E+00
     0.2500     4.0000     3.7500 -9.5391E-11  4.2742E-01  0.0000E+00  1.3023E-01  4.8231E-01  0.0000E+00
     0.2500     4.0000     3.7500 -9.5391E-11  4.2742E-01  0.0000E+00  1.3023E-01  4.8231E-01  0.0000E+00
     0.2500     4.0000     3.7500 -9.5391E-11  4.2742E-01  0.0000E+00  1.3023E-01  4.8231E-01  0.0000E+00
     0.2500     4.0000     3.7500 -9.5391E-11  4.2742E-01  0.0000E+00  1.3023E-01  4.8231E-01  0.0000E+00
     0.2500     4.0000     3.7500 -9.5391E-11  4.2742E-01  0.0000E+00  1.3023E-01  4.8231E-01  0.0000E+00
     0.2500     4.0000     3.7500 -9.5391E-11  4.2742E-01  0.0000E+00  1.3023E-01  4.8231E-01  0.0000E+00
