     0.2500     4.0000     3.7500  7.3022E-11  4.2719E-01  0.0000E+00  1.3378E-01  4.8302E-01  0.0000E+00
     0.2500     4.0000     3.7500  7.3022E-11  4.2719E-01  0.0000E+00  1.3378E-01  4.8302E-01  0.0000E+00
     0.2500     4.0000     3.7500  2.1796E+02  5.3596E+01  2.1796E+02  1.2745E+02  2.5945E+01  9.8749E+01
     0.2500     4.0000     3.7500  4.7465E+02  1.0644E+02  4.7465E+02  3.5184E+02  7.0824E+01  3.0614E+02
     0.2500     4.0000     3.7500  6.8133E+02  1.4431E+02  6.8133E+02  5.3990E+02  1.0844E+02  4.8604E+02
     0.2500     4.0000     3.7500  8.2390E+02  1.6941E+02  8.2390E+02  6.7136E+02  1.3473E+02  6.1307E+02
     0.2500     4.0000     3.7500  8.9265E+02  1.8133E+02  8.9265E+02  7.3511E+02  1.4748E+02  6.7491E+02
     0.2500     4.0000     3.7500  8.8289E+02  1.7964E+02  8.8289E+02  7.2605E+02  1.4567E+02  6.6611E+02
     0.2500     4.0000     3.7500  7.9529E+02  1.6442E+02  7.9529E+02  6.4489E+02  1.2944E+02  5.8744E+02
     0.2500     4.0000     3.7500  6.3582E+02  1.3615E+02  6.3582E+02  4.9819E+02  1.0010E+02  4.4591E+02
     0.2500     4.0000     3.7500  4.1534E+02  9.5035E+01  4.1534E+02  2.9869E+02  6.0193E+01  2.5596E+02
     0.2500     4.0000     3.7500  1.4888E+02  3.6969E+01  1.4888E+02  7.2673E+01  1.4991E+01  5.1584E+01
     0.2500     4.0000     3.7500  7.3022E-11  4.2719E-01  0.0000E+00  1.3378E-01  4.8302E-01  0.0000E+00
     0.2500     4.0000     3.7500  7.3022E-11  4.2719E-01  0.0000E+00  1.3378E-01  4.8302E-01  0.0000E+00
     0.2500     4.0000     3.7500  7.3022E-11  4.2719E-01  0.0000E+00  1.3378E-01  4.8302E-01  0.0000E+00
     0.2500     4.0000     3.7500  7.3022E-11  4.2719E-01  0.0000E+00  1.3378E-01  4.8302E-01  0.0000E+00
     0.2500     4.0000     3.7500  7.3022E-11  4.2719E-01  0.0000E+00  1.3378E-01  4.8302E-01  0.0000E+00
     0.2500     4.0000     3.7500  7.3022E-11  4.2719E-01  0.0000E+00  1.3378E-01  4.8302E-01  0.0000E+00
     0.2500     4.0000     3.7500  7.3022E-11  4.2719E-01  0.0000E+00  1.3378E-01  4.8302E-01  0.0000E+00
     0.2500     4.0000     3.7500  7.3022E-11  4.2719E-01  0.0000E+00  1.3378E-01  4.8302E-01  0.0000E+00
     0.2500     4.0000     3.7500  7.3022E-11  4.2719E-01  0.0000E+00  1.3378E-01  4.8302E-01  0.0000E+00
     0.2500     4.0000     3.7500  7.3022E-11  4.2719E-01  0.0000E+00  1.3378E-01  4.8302E-01  0.0000E+00
     0.2500     4.0000     3.7500  7.3022E-11  4.2719E-01  0.0000E+00  1.3378E-01  4.8302E-01  0.0000E+00
     0.2500     4.0000     3.7500  7.3022E-11  4.2719E-01  0.0000E+00  1.3378E-01  4.8302E-01  0.0000E+00
