     0.2500     4.0000     3.7500  8.9607E-11  1.5674E-01  0.0000E+00  1.3769E-01  1.5932E-01  0.0000E+00
     0.2500     4.0000     3.7500  8.9607E-11  1.5674E-01  0.0000E+00  1.3769E-01  1.5932E-01  0.0000E+00
     0.2500     4.0000     3.7500  2.1727E+02  1.4016E+02  2.1727E+02  1.3189E+02  1.2533E+02  9.6436E+01
     0.2500     4.0000     3.7500  4.7445E+02  3.5079E+02  4.7445E+02  3.6940E+02  3.5095E+02  3.0320E+02
     0.2500     4.0000     3.7500  6.8170E+02  5.2076E+02  6.8170E+02  5.6949E+02  5.4104E+02  4.8305E+02
     0.2500     4.0000     3.7500  8.2490E+02  6.3798E+02  8.2490E+02  7.0974E+02  6.7428E+02  6.1028E+02
     0.2500     4.0000     3.7500  8.9427E+02  6.9471E+02  8.9427E+02  7.7810E+02  7.3922E+02  6.7251E+02
     0.2500     4.0000     3.7500  8.8510E+02  6.8721E+02  8.8510E+02  7.6905E+02  7.3063E+02  6.6427E+02
     0.2500     4.0000     3.7500  7.9801E+02  6.1598E+02  7.9801E+02  6.8331E+02  6.4918E+02  5.8626E+02
     0.2500     4.0000     3.7500  6.3894E+02  4.8572E+02  6.3894E+02  5.2788E+02  5.0151E+02  4.4544E+02
     0.2500     4.0000     3.7500  4.1872E+02  3.0502E+02  4.1872E+02  3.1647E+02  3.0068E+02  2.5620E+02
     0.2500     4.0000     3.7500  1.5237E+02  8.8724E+01  1.5237E+02  7.7863E+01  7.3998E+01  5.2416E+01
     0.2500     4.0000     3.7500  8.9607E-11  1.5674E-01  0.0000E+00  1.3769E-01  1.5932E-01  0.0000E+00
     0.2500     4.0000     3.7500  8.9607E-11  1.5674E-01  0.0000E+00  1.3769E-01  1.5932E-01  0.0000E+00
     0.2500     4.0000     3.7500  8.9607E-11  1.5674E-01  0.0000E+00  1.3769E-01  1.5932E-01  0.0000E+00
     0.2500     4.0000     3.7500  8.9607E-11  1.5674E-01  0.0000E+00  1.3769E-01  1.5932E-01  0.0000E+00
     0.2500     4.0000     3.7500  8.9607E-11  1.5674E-01  0.0000E+00  1.3769E-01  1.5932E-01  0.0000E+00
     0.2500     4.0000     3.7500  8.9607E-11  1.5674E-01  0.0000E+00  1.3769E-01  1.5932E-01  0.0000E+00
     0.2500     4.0000     3.7500  8.9607E-11  1.5674E-01  0.0000E+00  1.3769E-01  1.5932E-01  0.0000E+00
     0.2500     4.0000     3.7500  8.9607E-11  1.5674E-01  0.0000E+00  1.3769E-01  1.5932E-01  0.0000E+00
     0.2500     4.0000     3.7500  8.9607E-11  1.5674E-01  0.0000E+00  1.3769E-01  1.5932E-01  0.0000E+00
     0.2500     4.0000     3.7500  8.9607E-11  1.5674E-01  0.0000E+00  1.3769E-01  1.5932E-01  0.0000E+00
     0.2500     4.0000     3.7500  8.9607E-11  1.5674E-01  0.0000E+00  1.3769E-01  1.5932E-01  0.0000E+00
     0.2500     4.0000     3.7500  8.9607E-11  1.5674E-01  0.0000E+00  1.3769E-01  1.5932E-01  0.0000E+00
