     0.2500     4.0000     3.7500 -1.9514E-11  1.6512E-01  0.0000E+00  1.4903E-01  1.7010E-01  0.0000E+00
     0.2500     4.0000     3.7500 -1.9514E-11  1.6512E-01  0.0000E+00  1.4903E-01  1.7010E-01  0.0000E+00
     0.2500     4.0000     3.7500  2.1720E+02  1.3675E+02  2.1720E+02  1.2854E+02  1.2214E+02  9.3307E+01
     0.2500     4.0000     3.7500  4.7491E+02  3.4512E+02  4.7491E+02  3.6416E+02  3.4598E+02  2.9811E+02
     0.2500     4.0000     3.7500  6.8275E+02  5.1356E+02  6.8275E+02  5.6321E+02  5.3508E+02  4.7687E+02
     0.2500     4.0000     3.7500  8.2657E+02  6.2993E+02  8.2657E+02  7.0300E+02  6.6788E+02  6.0361E+02
     0.2500     4.0000     3.7500  8.9655E+02  6.8650E+02  8.9655E+02  7.7146E+02  7.3291E+02  6.6589E+02
     0.2500     4.0000     3.7500  8.8793E+02  6.7954E+02  8.8793E+02  7.6301E+02  7.2489E+02  6.5820E+02
     0.2500     4.0000     3.7500  8.0129E+02  6.0949E+02  8.0129E+02  6.7834E+02  6.4446E+02  5.8121E+02
     0.2500     4.0000     3.7500  6.4255E+02  4.8100E+02  6.4255E+02  5.2439E+02  4.9820E+02  4.4181E+02
     0.2500     4.0000     3.7500  4.2251E+02  3.0262E+02  4.2251E+02  3.1481E+02  2.9910E+02  2.5432E+02
     0.2500     4.0000     3.7500  1.5618E+02  8.9089E+01  1.5618E+02  7.8351E+01  7.4462E+01  5.2490E+01
     0.2500     4.0000     3.7500 -1.9514E-11  1.6512E-01  0.0000E+00  1.4903E-01  1.7010E-01  0.0000E+00
     0.2500     4.0000     3.7500 -1.9514E-11  1.6512E-01  0.0000E+00  1.4903E-01  1.7010E-01  0.0000E+00
     0.2500     4.0000     3.7500 -1.9514E-11  1.6512E-01  0.0000E+00  1.4903E-01  1.7010E-01  0.0000E+00
     0.2500     4.0000     3.7500 -1.9514E-11  1.6512E-01  0.0000E+00  1.4903E-01  1.7010E-01  0.0000E+00
     0.2500     4.0000     3.7500 -1.9514E-11  1.6512E-01  0.0000E+00  1.4903E-01  1.7010E-01  0.0000E+00
     0.2500     4.0000     3.7500 -1.9514E-11  1.6512E-01  0.0000E+00  1.4903E-01  1.7010E-01  0.0000E+00
     0.2500     4.0000     3.7500 -1.9514E-11  1.6512E-01  0.0000E+00  1.4903E-01  1.7010E-01  0.0000E+00
     0.2500     4.0000     3.7500 -1.9514E-11  1.6512E-01  0.0000E+00  1.4903E-01  1.7010E-01  0.0000E+00
     0.2500     4.0000     3.7500 -1.9514E-11  1.6512E-01  0.0000E+00  1.4903E-01  1.7010E-01  0.0000E+00
     0.2500     4.0000     3.7500 -1.9514E-11  1.6512E-01  0.0000E+00  1.4903E-01  1.7010E-01  0.0000E+00
     0.2500     4.0000     3.7500 -1.9514E-11  1.6512E-01  0.0000E+00  1.4903E-01  1.7010E-01  0.0000E+00
     0.2500     4.0000     3.7500 -1.9514E-11  1.6512E-01  0.0000E+00  1.4903E-01  1.7010E-01  0.0000E+00
