     0.2500     4.0000     3.7500  7.9678E-11  1.5886E-01  0.0000E+00  1.4047E-01  1.6197E-01  0.0000E+00
     0.2500     4.0000     3.7500  7.9678E-11  1.5886E-01  0.0000E+00  1.4047E-01  1.6197E-01  0.0000E+00
     0.2500     4.0000     3.7500  2.1712E+02  1.4056E+02  2.1712E+02  1.3200E+02  1.2543E+02  9.6314E+01
     0.2500     4.0000     3.7500  4.7535E+02  3.5160E+02  4.7535E+02  3.6990E+02  3.5144E+02  3.0347E+02
     0.2500     4.0000     3.7500  6.8379E+02  5.2215E+02  6.8379E+02  5.7070E+02  5.4220E+02  4.8396E+02
     0.2500     4.0000     3.7500  8.2822E+02  6.4013E+02  8.2822E+02  7.1189E+02  6.7632E+02  6.1204E+02
     0.2500     4.0000     3.7500  8.9880E+02  6.9773E+02  8.9880E+02  7.8132E+02  7.4228E+02  6.7524E+02
     0.2500     4.0000     3.7500  8.9073E+02  6.9115E+02  8.9073E+02  7.7337E+02  7.3473E+02  6.6800E+02
     0.2500     4.0000     3.7500  8.0456E+02  6.2081E+02  8.0456E+02  6.8867E+02  6.5427E+02  5.9094E+02
     0.2500     4.0000     3.7500  6.4615E+02  4.9138E+02  6.4615E+02  5.3414E+02  5.0746E+02  4.5092E+02
     0.2500     4.0000     3.7500  4.2630E+02  3.1141E+02  4.2630E+02  3.2340E+02  3.0726E+02  2.6215E+02
     0.2500     4.0000     3.7500  1.6000E+02  9.5149E+01  1.6000E+02  8.4191E+01  8.0010E+01  5.7219E+01
     0.2500     4.0000     3.7500  7.9678E-11  1.5886E-01  0.0000E+00  1.4047E-01  1.6197E-01  0.0000E+00
     0.2500     4.0000     3.7500  7.9678E-11  1.5886E-01  0.0000E+00  1.4047E-01  1.6197E-01  0.0000E+00
     0.2500     4.0000     3.7500  7.9678E-11  1.5886E-01  0.0000E+00  1.4047E-01  1.6197E-01  0.0000E+00
     0.2500     4.0000     3.7500  7.9678E-11  1.5886E-01  0.0000E+00  1.4047E-01  1.6197E-01  0.0000E+00
     0.2500     4.0000     3.7500  7.9678E-11  1.5886E-01  0.0000E+00  1.4047E-01  1.6197E-01  0.0000E+00
     0.2500     4.0000     3.7500  7.9678E-11  1.5886E-01  0.0000E+00  1.4047E-01  1.6197E-01  0.0000E+00
     0.2500     4.0000     3.7500  7.9678E-11  1.5886E-01  0.0000E+00  1.4047E-01  1.6197E-01  0.0000E+00
     0.2500     4.0000     3.7500  7.9678E-11  1.5886E-01  0.0000E+00  1.4047E-01  1.6197E-01  0.0000E+00
     0.2500     4.0000     3.7500  7.9678E-11  1.5886E-01  0.0000E+00  1.4047E-01  1.6197E-01  0.0000E+00
     0.2500     4.0000     3.7500  7.9678E-11  1.5886E-01  0.0000E+00  1.4047E-01  1.6197E-01  0.0000E+00
     0.2500     4.0000     3.7500  7.9678E-11  1.5886E-01  0.0000E+00  1.4047E-01  1.6197E-01  0.0000E+00
     0.2500     4.0000     3.7500  7.9678E-11  1.5886E-01  0.0000E+00  1.4047E-01  1.6197E-01  0.0000E+00
