     0.2500     4.0000     3.7500 -5.8999E-11  3.9810E-01  0.0000E+00  1.3963E-01  4.4973E-01  0.0000E+00
     0.2500     4.0000     3.7500 -5.8999E-11  3.9810E-01  0.0000E+00  1.3963E-01  4.4973E-01  0.0000E+00
     0.2500     4.0000     3.7500  2.1703E+02  6.2056E+01  2.1703E+02  1.2594E+02  3.5673E+01  9.6674E+01
     0.2500     4.0000     3.7500  4.7578E+02  1.3114E+02  4.7578E+02  3.5213E+02  9.9008E+01  3.0447E+02
     0.2500     4.0000     3.7500  6.8480E+02  1.8268E+02  6.8480E+02  5.4261E+02  1.5234E+02  4.8561E+02
     0.2500     4.0000     3.7500  8.2985E+02  2.1748E+02  8.2985E+02  6.7660E+02  1.8986E+02  6.1433E+02
     0.2500     4.0000     3.7500  9.0104E+02  2.3438E+02  9.0104E+02  7.4276E+02  2.0838E+02  6.7812E+02
     0.2500     4.0000     3.7500  8.9352E+02  2.3260E+02  8.9352E+02  7.3576E+02  2.0642E+02  6.7137E+02
     0.2500     4.0000     3.7500  8.0781E+02  2.1222E+02  8.0781E+02  6.5617E+02  1.8414E+02  5.9465E+02
     0.2500     4.0000     3.7500  6.4973E+02  1.7417E+02  6.4973E+02  5.1040E+02  1.4332E+02  4.5479E+02
     0.2500     4.0000     3.7500  4.3008E+02  1.1953E+02  4.3008E+02  3.1109E+02  8.7516E+01  2.6592E+02
     0.2500     4.0000     3.7500  1.6381E+02  4.6386E+01  1.6381E+02  8.3351E+01  2.3749E+01  6.0003E+01
     0.2500     4.0000     3.7500 -5.8999E-11  3.9810E-01  0.0000E+00  1.3963E-01  4.4973E-01  0.0000E+00
     0.2500     4.0000     3.7500 -5.8999E-11  3.9810E-01  0.0000E+00  1.3963E-01  4.4973E-01  0.0000E+00
     0.2500     4.0000     3.7500 -5.8999E-11  3.9810E-01  0.0000E+00  1.3963E-01  4.4973E-01  0.0000E+00
     0.2500     4.0000     3.7500 -5.8999E-11  3.9810E-01  0.0000E+00  1.3963E-01  4.4973E-01  0.0000E+00
     0.2500     4.0000     3.7500 -5.8999E-11  3.9810E-01  0.0000E+00  1.3963E-01  4.4973E-01  0.0000E+00
     0.2500     4.0000     3.7500 -5.8999E-11  3.9810E-01  0.0000E+00  1.3963E-01  4.4973E-01  0.0000E+00
     0.2500     4.0000     3.7500 -5.8999E-11  3.9810E-01  0.0000E+00  1.3963E-01  4.4973E-01  0.0000E+00
     0.2500     4.0000     3.7500 -5.8999E-11  3.9810E-01  0.0000E+00  1.3963E-01  4.4973E-01  0.0000E+00
     0.2500     4.0000     3.7500 -5.8999E-11  3.9810E-01  0.0000E+00  1.3963E-01  4.4973E-01  0.0000E+00
     0.2500     4.0000     3.7500 -5.8999E-11  3.9810E-01  0.0000E+00  1.3963E-01  4.4973E-01  0.0000E+00
     0.2500     4.0000     3.7500 -5.8999E-11  3.9810E-01  0.0000E+00  1.3963E-01  4.4973E-01  0.0000E+00
     0.2500     4.0000     3.7500 -5.8999E-11  3.9810E-01  0.0000E+00  1.3963E-01  4.4973E-01  0.0000E+00
