     0.2500     4.0000     3.7500 -1.1912E-11  4.0386E-01  0.0000E+00  1.4633E-01  4.5161E-01  0.0000E+00
     0.2500     4.0000     3.7500 -1.1912E-11  4.0386E-01  0.0000E+00  1.4633E-01  4.5161E-01  0.0000E+00
     0.2500     4.0000     3.7500  2.1693E+02  8.4645E+01  2.1693E+02  1.1662E+02  3.3065E+01  4.5105E+01
     0.2500     4.0000     3.7500  4.7620E+02  1.5254E+02  4.7620E+02  3.2959E+02  9.2696E+01  1.9466E+02
     0.2500     4.0000     3.7500  6.8581E+02  1.9943E+02  6.8581E+02  5.1937E+02  1.4583E+02  3.4765E+02
     0.2500     4.0000     3.7500  8.3147E+02  2.3046E+02  8.3147E+02  6.5530E+02  1.8390E+02  4.6250E+02
     0.2500     4.0000     3.7500  9.0326E+02  2.4553E+02  9.0326E+02  7.2304E+02  2.0286E+02  5.2085E+02
     0.2500     4.0000     3.7500  8.9630E+02  2.4407E+02  8.9630E+02  7.1645E+02  2.0102E+02  5.1515E+02
     0.2500     4.0000     3.7500  8.1104E+02  2.2615E+02  8.1104E+02  6.3611E+02  1.7852E+02  4.4609E+02
     0.2500     4.0000     3.7500  6.5331E+02  1.9238E+02  6.5331E+02  4.8941E+02  1.3744E+02  3.2283E+02
     0.2500     4.0000     3.7500  4.3385E+02  1.4250E+02  4.3385E+02  2.9258E+02  8.2332E+01  1.6634E+02
     0.2500     4.0000     3.7500  1.6762E+02  6.8923E+01  1.6762E+02  8.2006E+01  2.3372E+01  2.5981E+01
     0.2500     4.0000     3.7500 -1.1912E-11  4.0386E-01  0.0000E+00  1.4633E-01  4.5161E-01  0.0000E+00
     0.2500     4.0000     3.7500 -1.1912E-11  4.0386E-01  0.0000E+00  1.4633E-01  4.5161E-01  0.0000E+00
     0.2500     4.0000     3.7500 -1.1912E-11  4.0386E-01  0.0000E+00  1.4633E-01  4.5161E-01  0.0000E+00
     0.2500     4.0000     3.7500 -1.1912E-11  4.0386E-01  0.0000E+00  1.4633E-01  4.5161E-01  0.0000E+00
     0.2500     4.0000     3.7500 -1.1912E-11  4.0386E-01  0.0000E+00  1.4633E-01  4.5161E-01  0.0000E+00
     0.2500     4.0000     3.7500 -1.1912E-11  4.0386E-01  0.0000E+00  1.4633E-01  4.5161E-01  0.0000E+00
     0.2500     4.0000     3.7500 -1.1912E-11  4.0386E-01  0.0000E+00  1.4633E-01  4.5161E-01  0.0000E+00
     0.2500     4.0000     3.7500 -1.1912E-11  4.0386E-01  0.0000E+00  1.4633E-01  4.5161E-01  0.0000E+00
     0.2500     4.0000     3.7500 -1.1912E-11  4.0386E-01  0.0000E+00  1.4633E-01  4.5161E-01  0.0000E+00
     0.2500     4.0000     3.7500 -1.1912E-11  4.0386E-01  0.0000E+00  1.4633E-01  4.5161E-01  0.0000E+00
     0.2500     4.0000     3.7500 -1.1912E-11  4.0386E-01  0.0000E+00  1.4633E-01  4.5161E-01  0.0000E+00
     0.2500     4.0000     3.7500 -1.1912E-11  4.0386E-01  0.0000E+00  1.4633E-01  4.5161E-01  0.0000E+00
