     0.2500     4.0000     3.7500 -1.6420E-12  4.0400E-01  0.0000E+00  1.4972E-01  4.5256E-01  0.0000E+00
     0.2500     4.0000     3.7500 -1.6420E-12  4.0400E-01  0.0000E+00  1.4972E-01  4.5256E-01  0.0000E+00
     0.2500     4.0000     3.7500  2.1683E+02  8.4432E+01  2.1683E+02  1.1602E+02  3.2895E+01  4.4686E+01
     0.2500     4.0000     3.7500  4.7660E+02  1.5225E+02  4.7660E+02  3.2869E+02  9.2444E+01  1.9389E+02
     0.2500     4.0000     3.7500  6.8679E+02  1.9909E+02  6.8679E+02  5.1848E+02  1.4559E+02  3.4686E+02
     0.2500     4.0000     3.7500  8.3307E+02  2.3013E+02  8.3307E+02  6.5466E+02  1.8372E+02  4.6190E+02
     0.2500     4.0000     3.7500  9.0547E+02  2.4527E+02  9.0547E+02  7.2281E+02  2.0280E+02  5.2061E+02
     0.2500     4.0000     3.7500  8.9905E+02  2.4394E+02  8.9905E+02  7.1676E+02  2.0110E+02  5.1537E+02
     0.2500     4.0000     3.7500  8.1426E+02  2.2618E+02  8.1426E+02  6.3703E+02  1.7878E+02  4.4682E+02
     0.2500     4.0000     3.7500  6.5688E+02  1.9263E+02  6.5688E+02  4.9097E+02  1.3788E+02  3.2405E+02
     0.2500     4.0000     3.7500  4.3762E+02  1.4304E+02  4.3762E+02  2.9469E+02  8.2924E+01  1.6787E+02
     0.2500     4.0000     3.7500  1.7143E+02  7.0050E+01  1.7143E+02  8.4173E+01  2.3979E+01  2.7043E+01
     0.2500     4.0000     3.7500 -1.6420E-12  4.0400E-01  0.0000E+00  1.4972E-01  4.5256E-01  0.0000E+00
     0.2500     4.0000     3.7500 -1.6420E-12  4.0400E-01  0.0000E+00  1.4972E-01  4.5256E-01  0.0000E+00
     0.2500     4.0000     3.7500 -1.6420E-12  4.0400E-01  0.0000E+00  1.4972E-01  4.5256E-01  0.0000E+00
     0.2500     4.0000     3.7500 -1.6420E-12  4.0400E-01  0.0000E+00  1.4972E-01  4.5256E-01  0.0000E+00
     0.2500     4.0000     3.7500 -1.6420E-12  4.0400E-01  0.0000E+00  1.4972E-01  4.5256E-01  0.0000E+00
     0.2500     4.0000     3.7500 -1.6420E-12  4.0400E-01  0.0000E+00  1.4972E-01  4.5256E-01  0.0000E+00
     0.2500     4.0000     3.7500 -1.6420E-12  4.0400E-01  0.0000E+00  1.4972E-01  4.5256E-01  0.0000E+00
     0.2500     4.0000     3.7500 -1.6420E-12  4.0400E-01  0.0000E+00  1.4972E-01  4.5256E-01  0.0000E+00
     0.2500     4.0000     3.7500 -1.6420E-12  4.0400E-01  0.0000E+00  1.4972E-01  4.5256E-01  0.0000E+00
     0.2500     4.0000     3.7500 -1.6420E-12  4.0400E-01  0.0000E+00  1.4972E-01  4.5256E-01  0.0000E+00
     0.2500     4.0000     3.7500 -1.6420E-12  4.0400E-01  0.0000E+00  1.4972E-01  4.5256E-01  0.0000E+00
     0.2500     4.0000     3.7500 -1.6420E-12  4.0400E-01  0.0000E+00  1.4972E-01  4.5256E-01  0.0000E+00
