     0.2500     4.0000     3.7500  1.6635E-11  4.3415E-01  0.0000E+00  1.3423E-01  4.8311E-01  0.0000E+00
     0.2500     4.0000     3.7500  1.6635E-11  4.3415E-01  0.0000E+00  1.3423E-01  4.8311E-01  0.0000E+00
     0.2500     4.0000     3.7500  2.2063E+02  6.5126E+01  2.2063E+02  1.3486E+02  2.7427E+01  9.0351E+01
     0.2500     4.0000     3.7500  4.7533E+02  1.1534E+02  4.7533E+02  3.4946E+02  7.0349E+01  2.7909E+02
     0.2500     4.0000     3.7500  6.7968E+02  1.5070E+02  6.7968E+02  5.3268E+02  1.0699E+02  4.4861E+02
     0.2500     4.0000     3.7500  8.1974E+02  1.7392E+02  8.1974E+02  6.6090E+02  1.3264E+02  5.6922E+02
     0.2500     4.0000     3.7500  8.8598E+02  1.8474E+02  8.8598E+02  7.2204E+02  1.4487E+02  6.2711E+02
     0.2500     4.0000     3.7500  8.7387E+02  1.8277E+02  8.7387E+02  7.1085E+02  1.4263E+02  6.1649E+02
     0.2500     4.0000     3.7500  7.8425E+02  1.6809E+02  7.8425E+02  6.2826E+02  1.2611E+02  5.3841E+02
     0.2500     4.0000     3.7500  6.2322E+02  1.4115E+02  6.2322E+02  4.8150E+02  9.6757E+01  4.0086E+02
     0.2500     4.0000     3.7500  4.0175E+02  1.0186E+02  4.0175E+02  2.8525E+02  5.7507E+01  2.2098E+02
     0.2500     4.0000     3.7500  1.3494E+02  4.4311E+01  1.3494E+02  7.0957E+01  1.4648E+01  3.9903E+01
     0.2500     4.0000     3.7500  1.6635E-11  4.3415E-01  0.0000E+00  1.3423E-01  4.8311E-01  0.0000E+00
     0.2500     4.0000     3.7500  1.6635E-11  4.3415E-01  0.0000E+00  1.3423E-01  4.8311E-01  0.0000E+00
     0.2500     4.0000     3.7500  1.6635E-11  4.3415E-01  0.0000E+00  1.3423E-01  4.8311E-01  0.0000E+00
     0.2500     4.0000     3.7500  1.6635E-11  4.3415E-01  0.0000E+00  1.3423E-01  4.8311E-01  0.0000E+00
     0.2500     4.0000     3.7500  1.6635E-11  4.3415E-01  0.0000E+00  1.3423E-01  4.8311E-01  0.0000E+00
     0.2500     4.0000     3.7500  1.6635E-11  4.3415E-01  0.0000E+00  1.3423E-01  4.8311E-01  0.0000E+00
     0.2500     4.0000     3.7500  1.6635E-11  4.3415E-01  0.0000E+00  1.3423E-01  4.8311E-01  0.0000E+00
     0.2500     4.0000     3.7500  1.6635E-11  4.3415E-01  0.0000E+00  1.3423E-01  4.8311E-01  0.0000E+00
     0.2500     4.0000     3.7500  1.6635E-11  4.3415E-01  0.0000E+00  1.3423E-01  4.8311E-01  0.0000E+00
     0.2500     4.0000     3.7500  1.6635E-11  4.3415E-01  0.0000E+00  1.3423E-01  4.8311E-01  0.0000E+00
     0.2500     4.0000     3.7500  1.6635E-11  4.3415E-01  0.0000E+00  1.3423E-01  4.8311E-01  0.0000E+00
     0.2500     4.0000     3.7500  1.6635E-11  4.3415E-01  0.0000E+00  1.3423E-01  4.8311E-01  0.0000E+00
