     0.2500     4.0000     3.7500  7.2333E-14  4.0367E-01  0.0000E+00  1.3222E-01  4.4766E-01  0.0000E+00
     0.2500     4.0000     3.7500  7.2333E-14  4.0367E-01  0.0000E+00  1.3222E-01  4.4766E-01  0.0000E+00
     0.2500     4.0000     3.7500  2.1747E+02  7.9966E+01  2.1747E+02  1.2587E+02  3.5654E+01  6.5116E+01
     0.2500     4.0000     3.7500  4.7778E+02  1.4771E+02  4.7778E+02  3.4535E+02  9.7108E+01  2.3921E+02
     0.2500     4.0000     3.7500  6.8856E+02  1.9637E+02  6.8856E+02  5.3751E+02  1.5091E+02  4.0593E+02
     0.2500     4.0000     3.7500  8.3543E+02  2.2906E+02  8.3543E+02  6.7475E+02  1.8934E+02  5.2861E+02
     0.2500     4.0000     3.7500  9.0840E+02  2.4512E+02  9.0840E+02  7.4355E+02  2.0861E+02  5.9087E+02
     0.2500     4.0000     3.7500  9.0248E+02  2.4382E+02  9.0248E+02  7.3796E+02  2.0704E+02  5.8579E+02
     0.2500     4.0000     3.7500  8.1807E+02  2.2523E+02  8.1807E+02  6.5843E+02  1.8477E+02  5.1391E+02
     0.2500     4.0000     3.7500  6.6094E+02  1.9014E+02  6.6094E+02  5.1195E+02  1.4376E+02  3.8335E+02
     0.2500     4.0000     3.7500  4.4179E+02  1.3904E+02  4.4179E+02  3.1341E+02  8.8166E+01  2.1238E+02
     0.2500     4.0000     3.7500  1.7555E+02  6.7245E+01  1.7555E+02  9.4564E+01  2.6889E+01  4.3697E+01
     0.2500     4.0000     3.7500  7.2333E-14  4.0367E-01  0.0000E+00  1.3222E-01  4.4766E-01  0.0000E+00
     0.2500     4.0000     3.7500  7.2333E-14  4.0367E-01  0.0000E+00  1.3222E-01  4.4766E-01  0.0000E+00
     0.2500     4.0000     3.7500  7.2333E-14  4.0367E-01  0.0000E+00  1.3222E-01  4.4766E-01  0.0000E+00
     0.2500     4.0000     3.7500  7.2333E-14  4.0367E-01  0.0000E+00  1.3222E-01  4.4766E-01  0.0000E+00
     0.2500     4.0000     3.7500  7.2333E-14  4.0367E-01  0.0000E+00  1.3222E-01  4.4766E-01  0.0000E+00
     0.2500     4.0000     3.7500  7.2333E-14  4.0367E-01  0.0000E+00  1.3222E-01  4.4766E-01  0.0000E+00
     0.2500     4.0000     3.7500  7.2333E-14  4.0367E-01  0.0000E+00  1.3222E-01  4.4766E-01  0.0000E+00
     0.2500     4.0000     3.7500  7.2333E-14  4.0367E-01  0.0000E+00  1.3222E-01  4.4766E-01  0.0000E+00
     0.2500     4.0000     3.7500  7.2333E-14  4.0367E-01  0.0000E+00  1.3222E-01  4.4766E-01  0.0000E+00
     0.2500     4.0000     3.7500  7.2333E-14  4.0367E-01  0.0000E+00  1.3222E-01  4.4766E-01  0.0000E+00
     0.2500     4.0000     3.7500  7.2333E-14  4.0367E-01  0.0000E+00  1.3222E-01  4.4766E-01  0.0000E+00
     0.2500     4.0000     3.7500  7.2333E-14  4.0367E-01  0.0000E+00  1.3222E-01  4.4766E-01  0.0000E+00
