     0.2500     4.0000     3.7500  5.1754E-12  4.3452E-01  0.0000E+00  1.2187E-01  4.8064E-01  0.0000E+00
     0.2500     4.0000     3.7500  5.1754E-12  4.3452E-01  0.0000E+00  1.2187E-01  4.8064E-01  0.0000E+00
     0.2500     4.0000     3.7500  2.1997E+02  6.3215E+01  2.1997E+02  1.4018E+02  2.8493E+01  1.0207E+02
     0.2500     4.0000     3.7500  4.7518E+02  1.1400E+02  4.7518E+02  3.5844E+02  7.2143E+01  2.9974E+02
     0.2500     4.0000     3.7500  6.8011E+02  1.5034E+02  6.8011E+02  5.4372E+02  1.0920E+02  4.7428E+02
     0.2500     4.0000     3.7500  8.2081E+02  1.7436E+02  8.2081E+02  6.7336E+02  1.3513E+02  5.9795E+02
     0.2500     4.0000     3.7500  8.8767E+02  1.8561E+02  8.8767E+02  7.3545E+02  1.4755E+02  6.5746E+02
     0.2500     4.0000     3.7500  8.7615E+02  1.8368E+02  8.7615E+02  7.2473E+02  1.4540E+02  6.4718E+02
     0.2500     4.0000     3.7500  7.8703E+02  1.6864E+02  7.8703E+02  6.4210E+02  1.2888E+02  5.6805E+02
     0.2500     4.0000     3.7500  6.2638E+02  1.4101E+02  6.2638E+02  4.9465E+02  9.9386E+01  4.2775E+02
     0.2500     4.0000     3.7500  4.0515E+02  1.0094E+02  4.0515E+02  2.9662E+02  5.9780E+01  2.4247E+02
     0.2500     4.0000     3.7500  1.3843E+02  4.3739E+01  1.3843E+02  7.7448E+01  1.5946E+01  4.9692E+01
     0.2500     4.0000     3.7500  5.1754E-12  4.3452E-01  0.0000E+00  1.2187E-01  4.8064E-01  0.0000E+00
     0.2500     4.0000     3.7500  5.1754E-12  4.3452E-01  0.0000E+00  1.2187E-01  4.8064E-01  0.0000E+00
     0.2500     4.0000     3.7500  5.1754E-12  4.3452E-01  0.0000E+00  1.2187E-01  4.8064E-01  0.0000E+00
     0.2500     4.0000     3.7500  5.1754E-12  4.3452E-01  0.0000E+00  1.2187E-01  4.8064E-01  0.0000E+00
     0.2500     4.0000     3.7500  5.1754E-12  4.3452E-01  0.0000E+00  1.2187E-01  4.8064E-01  0.0000E+00
     0.2500     4.0000     3.7500  5.1754E-12  4.3452E-01  0.0000E+00  1.2187E-01  4.8064E-01  0.0000E+00
     0.2500     4.0000     3.7500  5.1754E-12  4.3452E-01  0.0000E+00  1.2187E-01  4.8064E-01  0.0000E+00
     0.2500     4.0000     3.7500  5.1754E-12  4.3452E-01  0.0000E+00  1.2187E-01  4.8064E-01  0.0000E+00
     0.2500     4.0000     3.7500  5.1754E-12  4.3452E-01  0.0000E+00  1.2187E-01  4.8064E-01  0.0000E+00
     0.2500     4.0000     3.7500  5.1754E-12  4.3452E-01  0.0000E+00  1.2187E-01  4.8064E-01  0.0000E+00
     0.2500     4.0000     3.7500  5.1754E-12  4.3452E-01  0.0000E+00  1.2187E-01  4.8064E-01  0.0000E+00
     0.2500     4.0000     3.7500  5.1754E-12  4.3452E-01  0.0000E+00  1.2187E-01  4.8064E-01  0.0000E+00
