     0.2500     4.0000     3.7500  1.1110E-11  4.3445E-01  0.0000E+00  1.2552E-01  4.8137E-01  0.0000E+00
     0.2500     4.0000     3.7500  1.1110E-11  4.3445E-01  0.0000E+00  1.2552E-01  4.8137E-01  0.0000E+00
     0.2500     4.0000     3.7500  2.1931E+02  6.2699E+01  2.1931E+02  1.3852E+02  2.8160E+01  1.0062E+02
     0.2500     4.0000     3.7500  4.7502E+02  1.1339E+02  4.7502E+02  3.5623E+02  7.1703E+01  2.9766E+02
     0.2500     4.0000     3.7500  6.8053E+02  1.4969E+02  6.8053E+02  5.4141E+02  1.0874E+02  4.7207E+02
     0.2500     4.0000     3.7500  8.2185E+02  1.7370E+02  8.2185E+02  6.7122E+02  1.3470E+02  5.9589E+02
     0.2500     4.0000     3.7500  8.8935E+02  1.8501E+02  8.8935E+02  7.3370E+02  1.4720E+02  6.5578E+02
     0.2500     4.0000     3.7500  8.7841E+02  1.8318E+02  8.7841E+02  7.2356E+02  1.4517E+02  6.4605E+02
     0.2500     4.0000     3.7500  7.8979E+02  1.6830E+02  7.8979E+02  6.4164E+02  1.2878E+02  5.6759E+02
     0.2500     4.0000     3.7500  6.2954E+02  1.4087E+02  6.2954E+02  4.9498E+02  9.9452E+01  4.2804E+02
     0.2500     4.0000     3.7500  4.0855E+02  1.0107E+02  4.0855E+02  2.9776E+02  6.0009E+01  2.4349E+02
     0.2500     4.0000     3.7500  1.4191E+02  4.4333E+01  1.4191E+02  7.9209E+01  1.6298E+01  5.1096E+01
     0.2500     4.0000     3.7500  1.1110E-11  4.3445E-01  0.0000E+00  1.2552E-01  4.8137E-01  0.0000E+00
     0.2500     4.0000     3.7500  1.1110E-11  4.3445E-01  0.0000E+00  1.2552E-01  4.8137E-01  0.0000E+00
     0.2500     4.0000     3.7500  1.1110E-11  4.3445E-01  0.0000E+00  1.2552E-01  4.8137E-01  0.0000E+00
     0.2500     4.0000     3.7500  1.1110E-11  4.3445E-01  0.0000E+00  1.2552E-01  4.8137E-01  0.0000E+00
     0.2500     4.0000     3.7500  1.1110E-11  4.3445E-01  0.0000E+00  1.2552E-01  4.8137E-01  0.0000E+00
     0.2500     4.0000     3.7500  1.1110E-11  4.3445E-01  0.0000E+00  1.2552E-01  4.8137E-01  0.0000E+00
     0.2500     4.0000     3.7500  1.1110E-11  4.3445E-01  0.0000E+00  1.2552E-01  4.8137E-01  0.0000E+00
     0.2500     4.0000     3.7500  1.1110E-11  4.3445E-01  0.0000E+00  1.2552E-01  4.8137E-01  0.0000E+00
     0.2500     4.0000     3.7500  1.1110E-11  4.3445E-01  0.0000E+00  1.2552E-01  4.8137E-01  0.0000E+00
     0.2500     4.0000     3.7500  1.1110E-11  4.3445E-01  0.0000E+00  1.2552E-01  4.8137E-01  0.0000E+00
     0.2500     4.0000     3.7500  1.1110E-11  4.3445E-01  0.0000E+00  1.2552E-01  4.8137E-01  0.0000E+00
     0.2500     4.0000     3.7500  1.1110E-11  4.3445E-01  0.0000E+00  1.2552E-01  4.8137E-01  0.0000E+00
