     0.2500     4.0000     3.7500  2.8272E-11  4.3441E-01  0.0000E+00  1.2444E-01  4.8115E-01  0.0000E+00
     0.2500     4.0000     3.7500  2.8272E-11  4.3441E-01  0.0000E+00  1.2444E-01  4.8115E-01  0.0000E+00
     0.2500     4.0000     3.7500  2.1864E+02  6.4179E+01  2.1864E+02  1.3643E+02  2.7743E+01  9.4497E+01
     0.2500     4.0000     3.7500  4.7484E+02  1.1516E+02  4.7484E+02  3.5454E+02  7.1365E+01  2.8857E+02
     0.2500     4.0000     3.7500  6.8094E+02  1.5133E+02  6.8094E+02  5.4074E+02  1.0861E+02  4.6211E+02
     0.2500     4.0000     3.7500  8.2288E+02  1.7524E+02  8.2288E+02  6.7156E+02  1.3477E+02  5.8588E+02
     0.2500     4.0000     3.7500  8.9100E+02  1.8655E+02  8.9100E+02  7.3485E+02  1.4743E+02  6.4611E+02
     0.2500     4.0000     3.7500  8.8066E+02  1.8484E+02  8.8066E+02  7.2522E+02  1.4550E+02  6.3693E+02
     0.2500     4.0000     3.7500  7.9255E+02  1.7018E+02  7.9255E+02  6.4348E+02  1.2915E+02  5.5922E+02
     0.2500     4.0000     3.7500  6.3268E+02  1.4306E+02  6.3268E+02  4.9667E+02  9.9791E+01  4.2070E+02
     0.2500     4.0000     3.7500  4.1195E+02  1.0353E+02  4.1195E+02  2.9910E+02  6.0276E+01  2.3786E+02
     0.2500     4.0000     3.7500  1.4540E+02  4.6572E+01  1.4540E+02  8.0513E+01  1.6559E+01  4.9094E+01
     0.2500     4.0000     3.7500  2.8272E-11  4.3441E-01  0.0000E+00  1.2444E-01  4.8115E-01  0.0000E+00
     0.2500     4.0000     3.7500  2.8272E-11  4.3441E-01  0.0000E+00  1.2444E-01  4.8115E-01  0.0000E+00
     0.2500     4.0000     3.7500  2.8272E-11  4.3441E-01  0.0000E+00  1.2444E-01  4.8115E-01  0.0000E+00
     0.2500     4.0000     3.7500  2.8272E-11  4.3441E-01  0.0000E+00  1.2444E-01  4.8115E-01  0.0000E+00
     0.2500     4.0000     3.7500  2.8272E-11  4.3441E-01  0.0000E+00  1.2444E-01  4.8115E-01  0.0000E+00
     0.2500     4.0000     3.7500  2.8272E-11  4.3441E-01  0.0000E+00  1.2444E-01  4.8115E-01  0.0000E+00
     0.2500     4.0000     3.7500  2.8272E-11  4.3441E-01  0.0000E+00  1.2444E-01  4.8115E-01  0.0000E+00
     0.2500     4.0000     3.7500  2.8272E-11  4.3441E-01  0.0000E+00  1.2444E-01  4.8115E-01  0.0000E+00
     0.2500     4.0000     3.7500  2.8272E-11  4.3441E-01  0.0000E+00  1.2444E-01  4.8115E-01  0.0000E+00
     0.2500     4.0000     3.7500  2.8272E-11  4.3441E-01  0.0000E+00  1.2444E-01  4.8115E-01  0.0000E+00
     0.2500     4.0000     3.7500  2.8272E-11  4.3441E-01  0.0000E+00  1.2444E-01  4.8115E-01  0.0000E+00
     0.2500     4.0000     3.7500  2.8272E-11  4.3441E-01  0.0000E+00  1.2444E-01  4.8115E-01  0.0000E+00
