     0.2500     4.0000     3.7500  2.2581E-11  4.3436E-01  0.0000E+00  1.2779E-01  4.8182E-01  0.0000E+00
     0.2500     4.0000     3.7500  2.2581E-11  4.3436E-01  0.0000E+00  1.2779E-01  4.8182E-01  0.0000E+00
     0.2500     4.0000     3.7500  2.1796E+02  6.3968E+01  2.1796E+02  1.3533E+02  2.7522E+01  9.3463E+01
     0.2500     4.0000     3.7500  4.7465E+02  1.1490E+02  4.7465E+02  3.5308E+02  7.1073E+01  2.8713E+02
     0.2500     4.0000     3.7500  6.8133E+02  1.5106E+02  6.8133E+02  5.3927E+02  1.0831E+02  4.6064E+02
     0.2500     4.0000     3.7500  8.2390E+02  1.7500E+02  8.2390E+02  6.7033E+02  1.3452E+02  5.8462E+02
     0.2500     4.0000     3.7500  8.9265E+02  1.8637E+02  8.9265E+02  7.3404E+02  1.4726E+02  6.4525E+02
     0.2500     4.0000     3.7500  8.8289E+02  1.8476E+02  8.8289E+02  7.2498E+02  1.4545E+02  6.3661E+02
     0.2500     4.0000     3.7500  7.9529E+02  1.7023E+02  7.9529E+02  6.4390E+02  1.2924E+02  5.5954E+02
     0.2500     4.0000     3.7500  6.3582E+02  1.4328E+02  6.3582E+02  4.9781E+02  1.0002E+02  4.2168E+02
     0.2500     4.0000     3.7500  4.1534E+02  1.0398E+02  4.1534E+02  3.0093E+02  6.0643E+01  2.3943E+02
     0.2500     4.0000     3.7500  1.4888E+02  4.7455E+01  1.4888E+02  8.2690E+01  1.6994E+01  5.0684E+01
     0.2500     4.0000     3.7500  2.2581E-11  4.3436E-01  0.0000E+00  1.2779E-01  4.8182E-01  0.0000E+00
     0.2500     4.0000     3.7500  2.2581E-11  4.3436E-01  0.0000E+00  1.2779E-01  4.8182E-01  0.0000E+00
     0.2500     4.0000     3.7500  2.2581E-11  4.3436E-01  0.0000E+00  1.2779E-01  4.8182E-01  0.0000E+00
     0.2500     4.0000     3.7500  2.2581E-11  4.3436E-01  0.0000E+00  1.2779E-01  4.8182E-01  0.0000E+00
     0.2500     4.0000     3.7500  2.2581E-11  4.3436E-01  0.0000E+00  1.2779E-01  4.8182E-01  0.0000E+00
     0.2500     4.0000     3.7500  2.2581E-11  4.3436E-01  0.0000E+00  1.2779E-01  4.8182E-01  0.0000E+00
     0.2500     4.0000     3.7500  2.2581E-11  4.3436E-01  0.0000E+00  1.2779E-01  4.8182E-01  0.0000E+00
     0.2500     4.0000     3.7500  2.2581E-11  4.3436E-01  0.0000E+00  1.2779E-01  4.8182E-01  0.0000E+00
     0.2500     4.0000     3.7500  2.2581E-11  4.3436E-01  0.0000E+00  1.2779E-01  4.8182E-01  0.0000E+00
     0.2500     4.0000     3.7500  2.2581E-11  4.3436E-01  0.0000E+00  1.2779E-01  4.8182E-01  0.0000E+00
     0.2500     4.0000     3.7500  2.2581E-11  4.3436E-01  0.0000E+00  1.2779E-01  4.8182E-01  0.0000E+00
     0.2500     4.0000     3.7500  2.2581E-11  4.3436E-01  0.0000E+00  1.2779E-01  4.8182E-01  0.0000E+00
