     0.2500     4.0000     3.7500 -2.5554E-12  1.5089E-01  0.0000E+00  1.3116E-01  1.5312E-01  0.0000E+00
     0.2500     4.0000     3.7500 -2.5554E-12  1.5089E-01  0.0000E+00  1.3116E-01  1.5312E-01  0.0000E+00
     0.2500     4.0000     3.7500  2.1727E+02  1.5864E+02  2.1727E+02  1.4169E+02  1.3464E+02  9.1982E+01
     0.2500     4.0000     3.7500  4.7445E+02  3.6259E+02  4.7445E+02  3.7350E+02  3.5486E+02  2.8493E+02
     0.2500     4.0000     3.7500  6.8170E+02  5.2859E+02  6.8170E+02  5.7277E+02  5.4416E+02  4.5826E+02
     0.2500     4.0000     3.7500  8.2490E+02  6.4356E+02  8.2490E+02  7.1346E+02  6.7781E+02  5.8237E+02
     0.2500     4.0000     3.7500  8.9427E+02  6.9931E+02  8.9427E+02  7.8221E+02  7.4313E+02  6.4336E+02
     0.2500     4.0000     3.7500  8.8510E+02  6.9194E+02  8.8510E+02  7.7310E+02  7.3448E+02  6.3527E+02
     0.2500     4.0000     3.7500  7.9801E+02  6.2197E+02  7.9801E+02  6.8691E+02  6.5259E+02  5.5887E+02
     0.2500     4.0000     3.7500  6.3894E+02  4.9428E+02  6.3894E+02  5.3115E+02  5.0462E+02  4.2177E+02
     0.2500     4.0000     3.7500  4.1872E+02  3.1812E+02  4.1872E+02  3.2127E+02  3.0524E+02  2.4027E+02
     0.2500     4.0000     3.7500  1.5237E+02  1.0816E+02  1.5237E+02  8.9376E+01  8.4936E+01  5.1972E+01
     0.2500     4.0000     3.7500 -2.5554E-12  1.5089E-01  0.0000E+00  1.3116E-01  1.5312E-01  0.0000E+00
     0.2500     4.0000     3.7500 -2.5554E-12  1.5089E-01  0.0000E+00  1.3116E-01  1.5312E-01  0.0000E+00
     0.2500     4.0000     3.7500 -2.5554E-12  1.5089E-01  0.0000E+00  1.3116E-01  1.5312E-01  0.0000E+00
     0.2500     4.0000     3.7500 -2.5554E-12  1.5089E-01  0.0000E+00  1.3116E-01  1.5312E-01  0.0000E+00
     0.2500     4.0000     3.7500 -2.5554E-12  1.5089E-01  0.0000E+00  1.3116E-01  1.5312E-01  0.0000E+00
     0.2500     4.0000     3.7500 -2.5554E-12  1.5089E-01  0.0000E+00  1.3116E-01  1.5312E-01  0.0000E+00
     0.2500     4.0000     3.7500 -2.5554E-12  1.5089E-01  0.0000E+00  1.3116E-01  1.5312E-01  0.0000E+00
     0.2500     4.0000     3.7500 -2.5554E-12  1.5089E-01  0.0000E+00  1.3116E-01  1.5312E-01  0.0000E+00
     0.2500     4.0000     3.7500 -2.5554E-12  1.5089E-01  0.0000E+00  1.3116E-01  1.5312E-01  0.0000E+00
     0.2500     4.0000     3.7500 -2.5554E-12  1.5089E-01  0.0000E+00  1.3116E-01  1.5312E-01  0.0000E+00
     0.2500     4.0000     3.7500 -2.5554E-12  1.5089E-01  0.0000E+00  1.3116E-01  1.5312E-01  0.0000E+00
     0.2500     4.0000     3.7500 -2.5554E-12  1.5089E-01  0.0000E+00  1.3116E-01  1.5312E-01  0.0000E+00
