     0.2500     4.0000     3.7500  4.4662E-12  1.5904E-01  0.0000E+00  1.4180E-01  1.6323E-01  0.0000E+00
     0.2500     4.0000     3.7500  4.4662E-12  1.5904E-01  0.0000E+00  1.4180E-01  1.6323E-01  0.0000E+00
     0.2500     4.0000     3.7500  2.1720E+02  1.5616E+02  2.1720E+02  1.3822E+02  1.3134E+02  8.6318E+01
     0.2500     4.0000     3.7500  4.7491E+02  3.5783E+02  4.7491E+02  3.6816E+02  3.4978E+02  2.7496E+02
     0.2500     4.0000     3.7500  6.8275E+02  5.2220E+02  6.8275E+02  5.6674E+02  5.3843E+02  4.4609E+02
     0.2500     4.0000     3.7500  8.2657E+02  6.3627E+02  8.2657E+02  7.0729E+02  6.7196E+02  5.6917E+02
     0.2500     4.0000     3.7500  8.9655E+02  6.9184E+02  8.9655E+02  7.7631E+02  7.3753E+02  6.2998E+02
     0.2500     4.0000     3.7500  8.8793E+02  6.8499E+02  8.8793E+02  7.6779E+02  7.2943E+02  6.2246E+02
     0.2500     4.0000     3.7500  8.0129E+02  6.1621E+02  8.0129E+02  6.8246E+02  6.4836E+02  5.4734E+02
     0.2500     4.0000     3.7500  6.4255E+02  4.9035E+02  6.4255E+02  5.2782E+02  5.0146E+02  4.1226E+02
     0.2500     4.0000     3.7500  4.2251E+02  3.1655E+02  4.2251E+02  3.1942E+02  3.0348E+02  2.3374E+02
     0.2500     4.0000     3.7500  1.5618E+02  1.0936E+02  1.5618E+02  8.9738E+01  8.5280E+01  5.0065E+01
     0.2500     4.0000     3.7500  4.4662E-12  1.5904E-01  0.0000E+00  1.4180E-01  1.6323E-01  0.0000E+00
     0.2500     4.0000     3.7500  4.4662E-12  1.5904E-01  0.0000E+00  1.4180E-01  1.6323E-01  0.0000E+00
     0.2500     4.0000     3.7500  4.4662E-12  1.5904E-01  0.0000E+00  1.4180E-01  1.6323E-01  0.0000E+00
     0.2500     4.0000     3.7500  4.4662E-12  1.5904E-01  0.0000E+00  1.4180E-01  1.6323E-01  0.0000E+00
     0.2500     4.0000     3.7500  4.4662E-12  1.5904E-01  0.0000E+00  1.4180E-01  1.6323E-01  0.0000E+00
     0.2500     4.0000     3.7500  4.4662E-12  1.5904E-01  0.0000E+00  1.4180E-01  1.6323E-01  0.0000E+00
     0.2500     4.0000     3.7500  4.4662E-12  1.5904E-01  0.0000E+00  1.4180E-01  1.6323E-01  0.0000E+00
     0.2500     4.0000     3.7500  4.4662E-12  1.5904E-01  0.0000E+00  1.4180E-01  1.6323E-01  0.0000E+00
     0.2500     4.0000     3.7500  4.4662E-12  1.5904E-01  0.0000E+00  1.4180E-01  1.6323E-01  0.0000E+00
     0.2500     4.0000     3.7500  4.4662E-12  1.5904E-01  0.0000E+00  1.4180E-01  1.6323E-01  0.0000E+00
     0.2500     4.0000     3.7500  4.4662E-12  1.5904E-01  0.0000E+00  1.4180E-01  1.6323E-01  0.0000E+00
     0.2500     4.0000     3.7500  4.4662E-12  1.5904E-01  0.0000E+00  1.4180E-01  1.6323E-01  0.0000E+00
