     0.2500     4.0000     3.7500  2.2272E-11  1.5314E-01  0.0000E+00  1.3395E-01  1.5577E-01  0.0000E+00
     0.2500     4.0000     3.7500  2.2272E-11  1.5314E-01  0.0000E+00  1.3395E-01  1.5577E-01  0.0000E+00
     0.2500     4.0000     3.7500  2.1712E+02  1.5881E+02  2.1712E+02  1.3945E+02  1.3251E+02  8.4462E+01
     0.2500     4.0000     3.7500  4.7535E+02  3.6302E+02  4.7535E+02  3.7195E+02  3.5338E+02  2.7297E+02
     0.2500     4.0000     3.7500  6.8379E+02  5.2952E+02  6.8379E+02  5.7296E+02  5.4434E+02  4.4485E+02
     0.2500     4.0000     3.7500  8.2822E+02  6.4521E+02  8.2822E+02  7.1546E+02  6.7971E+02  5.6881E+02
     0.2500     4.0000     3.7500  8.9880E+02  7.0179E+02  8.9880E+02  7.8572E+02  7.4646E+02  6.3035E+02
     0.2500     4.0000     3.7500  8.9073E+02  6.9532E+02  8.9073E+02  7.7767E+02  7.3882E+02  6.2329E+02
     0.2500     4.0000     3.7500  8.0456E+02  6.2624E+02  8.0456E+02  6.9198E+02  6.5741E+02  5.4831E+02
     0.2500     4.0000     3.7500  6.4615E+02  4.9940E+02  6.4615E+02  5.3618E+02  5.0940E+02  4.1309E+02
     0.2500     4.0000     3.7500  4.2630E+02  3.2398E+02  4.2630E+02  3.2586E+02  3.0960E+02  2.3435E+02
     0.2500     4.0000     3.7500  1.6000E+02  1.1445E+02  1.6000E+02  9.3561E+01  8.8912E+01  5.0710E+01
     0.2500     4.0000     3.7500  2.2272E-11  1.5314E-01  0.0000E+00  1.3395E-01  1.5577E-01  0.0000E+00
     0.2500     4.0000     3.7500  2.2272E-11  1.5314E-01  0.0000E+00  1.3395E-01  1.5577E-01  0.0000E+00
     0.2500     4.0000     3.7500  2.2272E-11  1.5314E-01  0.0000E+00  1.3395E-01  1.5577E-01  0.0000E+00
     0.2500     4.0000     3.7500  2.2272E-11  1.5314E-01  0.0000E+00  1.3395E-01  1.5577E-01  0.0000E+00
     0.2500     4.0000     3.7500  2.2272E-11  1.5314E-01  0.0000E+00  1.3395E-01  1.5577E-01  0.0000E+00
     0.2500     4.0000     3.7500  2.2272E-11  1.5314E-01  0.0000E+00  1.3395E-01  1.5577E-01  0.0000E+00
     0.2500     4.0000     3.7500  2.2272E-11  1.5314E-01  0.0000E+00  1.3395E-01  1.5577E-01  0.0000E+00
     0.2500     4.0000     3.7500  2.2272E-11  1.5314E-01  0.0000E+00  1.3395E-01  1.5577E-01  0.0000E+00
     0.2500     4.0000     3.7500  2.2272E-11  1.5314E-01  0.0000E+00  1.3395E-01  1.5577E-01  0.0000E+00
     0.2500     4.0000     3.7500  2.2272E-11  1.5314E-01  0.0000E+00  1.3395E-01  1.5577E-01  0.0000E+00
     0.2500     4.0000     3.7500  2.2272E-11  1.5314E-01  0.0000E+00  1.3395E-01  1.5577E-01  0.0000E+00
     0.2500     4.0000     3.7500  2.2272E-11  1.5314E-01  0.0000E+00  1.3395E-01  1.5577E-01  0.0000E+00
