     0.2500     4.0000     3.7500  3.4866E-11  4.0403E-01  0.0000E+00  1.3395E-01  4.4814E-01  0.0000E+00
     0.2500     4.0000     3.7500  3.4866E-11  4.0403E-01  0.0000E+00  1.3395E-01  4.4814E-01  0.0000E+00
     0.2500     4.0000     3.7500  2.1703E+02  7.6988E+01  2.1703E+02  1.2933E+02  3.6622E+01  7.6242E+01
     0.2500     4.0000     3.7500  4.7578E+02  1.4387E+02  4.7578E+02  3.4800E+02  9.7850E+01  2.5902E+02
     0.2500     4.0000     3.7500  6.8480E+02  1.9264E+02  6.8480E+02  5.3753E+02  1.5092E+02  4.2869E+02
     0.2500     4.0000     3.7500  8.2985E+02  2.2543E+02  8.2985E+02  6.7208E+02  1.8859E+02  5.5189E+02
     0.2500     4.0000     3.7500  9.0104E+02  2.4135E+02  9.0104E+02  7.3870E+02  2.0725E+02  6.1346E+02
     0.2500     4.0000     3.7500  8.9352E+02  2.3967E+02  8.9352E+02  7.3165E+02  2.0527E+02  6.0693E+02
     0.2500     4.0000     3.7500  8.0781E+02  2.2048E+02  8.0781E+02  6.5152E+02  1.8284E+02  5.3296E+02
     0.2500     4.0000     3.7500  6.4973E+02  1.8461E+02  6.4973E+02  5.0530E+02  1.4189E+02  3.9946E+02
     0.2500     4.0000     3.7500  4.3008E+02  1.3279E+02  4.3008E+02  3.0762E+02  8.6545E+01  2.2380E+02
     0.2500     4.0000     3.7500  1.6381E+02  6.1113E+01  1.6381E+02  8.9267E+01  2.5405E+01  4.6584E+01
     0.2500     4.0000     3.7500  3.4866E-11  4.0403E-01  0.0000E+00  1.3395E-01  4.4814E-01  0.0000E+00
     0.2500     4.0000     3.7500  3.4866E-11  4.0403E-01  0.0000E+00  1.3395E-01  4.4814E-01  0.0000E+00
     0.2500     4.0000     3.7500  3.4866E-11  4.0403E-01  0.0000E+00  1.3395E-01  4.4814E-01  0.0000E+00
     0.2500     4.0000     3.7500  3.4866E-11  4.0403E-01  0.0000E+00  1.3395E-01  4.4814E-01  0.0000E+00
     0.2500     4.0000     3.7500  3.4866E-11  4.0403E-01  0.0000E+00  1.3395E-01  4.4814E-01  0.0000E+00
     0.2500     4.0000     3.7500  3.4866E-11  4.0403E-01  0.0000E+00  1.3395E-01  4.4814E-01  0.0000E+00
     0.2500     4.0000     3.7500  3.4866E-11  4.0403E-01  0.0000E+00  1.3395E-01  4.4814E-01  0.0000E+00
     0.2500     4.0000     3.7500  3.4866E-11  4.0403E-01  0.0000E+00  1.3395E-01  4.4814E-01  0.0000E+00
     0.2500     4.0000     3.7500  3.4866E-11  4.0403E-01  0.0000E+00  1.3395E-01  4.4814E-01  0.0000E+00
     0.2500     4.0000     3.7500  3.4866E-11  4.0403E-01  0.0000E+00  1.3395E-01  4.4814E-01  0.0000E+00
     0.2500     4.0000     3.7500  3.4866E-11  4.0403E-01  0.0000E+00  1.3395E-01  4.4814E-01  0.0000E+00
     0.2500     4.0000     3.7500  3.4866E-11  4.0403E-01  0.0000E+00  1.3395E-01  4.4814E-01  0.0000E+00
