            Optical Properties of Aerosols and Clouds (OPAC) v3.16
           ------------------------------------------------------
 Aerosol type        : Continental_Average			: nacomp
 Components          :   5
 Relative humidities :   1
 Wavelengths         :  13
----------------------------------------------------------------------------
 RH  COMP NUMBER    VOLUME    MASS      DENSITY  NUM.MIX  VOL.MIX   MAS.MIX
 [%]     [1/cm3]   [um3/m3]   [ug/m3]   [g/cm3]  RATIO    RATIO     RATIO
----------------------------------------------------------------------------
 50. soot 6.119E+03 3.659E+05       NaN 1.00    4.664E-01 5.187E-03  Infinity
     inso 4.000E-01 1.332E+06       NaN 2.00    3.049E-05 1.889E-02  Infinity
     waso 7.000E+03 9.840E+06       NaN 1.42    5.335E-01 1.395E-01  Infinity
     mitr 5.300E-03 1.671E+04       NaN 2.60    4.040E-07 2.368E-04  Infinity
     suso 5.300E-03 1.998E+02       NaN 1.25    4.040E-07 2.832E-06  Infinity
----------------------------------------------------------------------------
 only particles up to   7.0 micrometer are considered for mass
============================================================================
# 50. % Relative Humidity 
# wavel.    ext.coef  sca.coef  abs.coef  sisc.alb  asym.par  op.depth
#  [um]      [1/km]    [1/km]    [1/km]                               
 2.500E-01 1.173E-01 9.864E-02 1.864E-02 8.411E-01 7.269E-01 1.251E-01
 3.000E-01 1.018E-01 9.275E-02 9.066E-03 9.109E-01 7.085E-01 1.094E-01
 3.500E-01 8.787E-02 8.091E-02 7.007E-03 9.202E-01 7.004E-01 9.518E-02
 4.500E-01 6.647E-02 6.095E-02 5.520E-03 9.169E-01 6.876E-01 7.289E-02
 5.000E-01 5.828E-02 5.331E-02 4.966E-03 9.148E-01 6.810E-01 6.431E-02
 5.500E-01 5.138E-02 4.673E-02 4.651E-03 9.095E-01 6.754E-01 5.705E-02
 6.500E-01 4.075E-02 3.668E-02 4.061E-03 9.003E-01 6.628E-01 4.574E-02
 7.500E-01 3.306E-02 2.939E-02 3.669E-03 8.891E-01 6.509E-01 3.748E-02
 8.000E-01 2.961E-02 2.602E-02 3.587E-03 8.788E-01 6.474E-01 3.378E-02
 1.000E+00 2.122E-02 1.792E-02 3.304E-03 8.443E-01 6.292E-01 2.460E-02
 2.000E+00 6.755E-03 5.365E-03 1.390E-03 7.941E-01 7.034E-01 8.655E-03
 3.500E+00 4.232E-03 3.260E-03 9.724E-04 7.703E-01 7.528E-01 6.048E-03
 4.000E+00 3.518E-03 2.712E-03 8.059E-04 7.710E-01 7.814E-01 5.104E-03
 ----------------------------------------------------------------------------
 Angstrom coefficient calculated at: 0.3500 [um] and 0.5500 [um]
 0.1187E+01 : alpha
 0.2527E-01 : beta
 Angstrom coefficient calculated at: 0.5500 [um] and 0.8000 [um]
 0.1471E+01 : alpha
 0.2132E-01 : beta
 Angstrom coefficient (Globaerosol ATBD) for: 0.5500 [um] and 0.8000 [um] is: 
 -.1471E+01
