            Optical Properties of Aerosols and Clouds (OPAC) v3.16
           ------------------------------------------------------
 Aerosol type        : Continental_Average			: nacomp
 Components          :   5
 Relative humidities :   1
 Wavelengths         :  13
----------------------------------------------------------------------------
 RH  COMP NUMBER    VOLUME    MASS      DENSITY  NUM.MIX  VOL.MIX   MAS.MIX
 [%]     [1/cm3]   [um3/m3]   [ug/m3]   [g/cm3]  RATIO    RATIO     RATIO
----------------------------------------------------------------------------
  0. soot 6.119E+03 3.663E+05       NaN 1.00    4.664E-01 7.800E-03  Infinity
     inso 4.000E-01 1.332E+06       NaN 2.00    3.049E-05 2.838E-02  Infinity
     waso 7.000E+03 5.216E+06       NaN 1.80    5.335E-01 1.111E-01  Infinity
     mitr 5.300E-03 1.671E+04       NaN 2.60    4.040E-07 3.558E-04  Infinity
     suso 5.300E-03 7.102E+01       NaN 1.70    4.040E-07 1.512E-06  Infinity
----------------------------------------------------------------------------
 only particles up to   7.0 micrometer are considered for mass
============================================================================
#  0. % Relative Humidity 
# wavel.    ext.coef  sca.coef  abs.coef  sisc.alb  asym.par  op.depth
#  [um]      [1/km]    [1/km]    [1/km]                               
 2.500E-01 7.819E-02 6.006E-02 1.812E-02 7.682E-01 6.894E-01 9.267E-02
 3.000E-01 6.797E-02 5.885E-02 9.121E-03 8.658E-01 6.591E-01 8.136E-02
 3.500E-01 5.856E-02 5.151E-02 7.049E-03 8.796E-01 6.488E-01 7.086E-02
 4.500E-01 4.415E-02 3.861E-02 5.539E-03 8.745E-01 6.361E-01 5.437E-02
 5.000E-01 3.870E-02 3.371E-02 4.978E-03 8.713E-01 6.298E-01 4.807E-02
 5.500E-01 3.415E-02 2.950E-02 4.656E-03 8.636E-01 6.257E-01 4.276E-02
 6.500E-01 2.719E-02 2.313E-02 4.054E-03 8.509E-01 6.157E-01 3.449E-02
 7.500E-01 2.221E-02 1.856E-02 3.651E-03 8.357E-01 6.087E-01 2.848E-02
 8.000E-01 1.991E-02 1.635E-02 3.560E-03 8.213E-01 6.098E-01 2.573E-02
 1.000E+00 1.472E-02 1.147E-02 3.252E-03 7.791E-01 6.024E-01 1.920E-02
 2.000E+00 5.512E-03 4.168E-03 1.345E-03 7.560E-01 7.517E-01 7.624E-03
 3.500E+00 3.699E-03 2.868E-03 8.305E-04 7.754E-01 8.020E-01 5.605E-03
 4.000E+00 3.232E-03 2.488E-03 7.437E-04 7.699E-01 8.186E-01 4.866E-03
 ----------------------------------------------------------------------------
 Angstrom coefficient calculated at: 0.3500 [um] and 0.5500 [um]
 0.1193E+01 : alpha
 0.1674E-01 : beta
 Angstrom coefficient calculated at: 0.5500 [um] and 0.8000 [um]
 0.1440E+01 : alpha
 0.1444E-01 : beta
 Angstrom coefficient (Globaerosol ATBD) for: 0.5500 [um] and 0.8000 [um] is: 
 -.1440E+01
