            Optical Properties of Aerosols and Clouds (OPAC) v3.16
           ------------------------------------------------------
 Aerosol type        : Continental_Average			: nacomp
 Components          :   5
 Relative humidities :   1
 Wavelengths         :  13
----------------------------------------------------------------------------
 RH  COMP NUMBER    VOLUME    MASS      DENSITY  NUM.MIX  VOL.MIX   MAS.MIX
 [%]     [1/cm3]   [um3/m3]   [ug/m3]   [g/cm3]  RATIO    RATIO     RATIO
----------------------------------------------------------------------------
 90. soot 6.119E+03 3.659E+05       NaN 1.00    4.664E-01 2.677E-03  Infinity
     inso 4.000E-01 1.332E+06       NaN 2.00    3.049E-05 9.747E-03  Infinity
     waso 7.000E+03 2.303E+07       NaN 1.18    5.335E-01 1.684E-01  Infinity
     mitr 5.300E-03 1.671E+04       NaN 2.60    4.040E-07 1.222E-04  Infinity
     suso 5.300E-03 5.090E+02       NaN 1.10    4.040E-07 3.723E-06  Infinity
----------------------------------------------------------------------------
 only particles up to   7.0 micrometer are considered for mass
============================================================================
# 90. % Relative Humidity 
# wavel.    ext.coef  sca.coef  abs.coef  sisc.alb  asym.par  op.depth
#  [um]      [1/km]    [1/km]    [1/km]                               
 2.500E-01 2.177E-01 1.984E-01 1.926E-02 9.116E-01 7.573E-01 2.084E-01
 3.000E-01 1.919E-01 1.828E-01 9.070E-03 9.527E-01 7.497E-01 1.842E-01
 3.500E-01 1.686E-01 1.616E-01 7.002E-03 9.585E-01 7.451E-01 1.621E-01
 4.500E-01 1.309E-01 1.254E-01 5.524E-03 9.578E-01 7.359E-01 1.264E-01
 5.000E-01 1.159E-01 1.110E-01 4.976E-03 9.570E-01 7.304E-01 1.122E-01
 5.500E-01 1.030E-01 9.835E-02 4.667E-03 9.547E-01 7.249E-01 9.988E-02
 6.500E-01 8.254E-02 7.848E-02 4.086E-03 9.505E-01 7.120E-01 8.040E-02
 7.500E-01 6.733E-02 6.362E-02 3.704E-03 9.450E-01 6.993E-01 6.590E-02
 8.000E-01 6.062E-02 5.698E-02 3.632E-03 9.401E-01 6.941E-01 5.950E-02
 1.000E+00 4.276E-02 3.939E-02 3.374E-03 9.211E-01 6.708E-01 4.246E-02
 2.000E+00 1.147E-02 9.967E-03 1.506E-03 8.687E-01 6.505E-01 1.257E-02
 3.500E+00 6.394E-03 4.991E-03 1.403E-03 7.805E-01 6.475E-01 7.841E-03
 4.000E+00 4.677E-03 3.687E-03 9.899E-04 7.884E-01 6.867E-01 6.065E-03
 ----------------------------------------------------------------------------
 Angstrom coefficient calculated at: 0.3500 [um] and 0.5500 [um]
 0.1090E+01 : alpha
 0.5368E-01 : beta
 Angstrom coefficient calculated at: 0.5500 [um] and 0.8000 [um]
 0.1415E+01 : alpha
 0.4421E-01 : beta
 Angstrom coefficient (Globaerosol ATBD) for: 0.5500 [um] and 0.8000 [um] is: 
 -.1415E+01
