            Optical Properties of Aerosols and Clouds (OPAC) v3.16
           ------------------------------------------------------
 Aerosol type        : Continental_Average			: nacomp
 Components          :   5
 Relative humidities :   1
 Wavelengths         :  13
----------------------------------------------------------------------------
 RH  COMP NUMBER    VOLUME    MASS      DENSITY  NUM.MIX  VOL.MIX   MAS.MIX
 [%]     [1/cm3]   [um3/m3]   [ug/m3]   [g/cm3]  RATIO    RATIO     RATIO
----------------------------------------------------------------------------
 70. soot 6.119E+03 3.659E+05       NaN 1.00    4.664E-01 4.314E-03  Infinity
     inso 4.000E-01 1.332E+06       NaN 2.00    3.049E-05 1.571E-02  Infinity
     waso 7.000E+03 1.266E+07       NaN 1.33    5.335E-01 1.493E-01  Infinity
     mitr 5.300E-03 1.671E+04       NaN 2.60    4.040E-07 1.970E-04  Infinity
     suso 5.300E-03 2.714E+02       NaN 1.18    4.040E-07 3.200E-06  Infinity
----------------------------------------------------------------------------
 only particles up to   7.0 micrometer are considered for mass
============================================================================
# 70. % Relative Humidity 
# wavel.    ext.coef  sca.coef  abs.coef  sisc.alb  asym.par  op.depth
#  [um]      [1/km]    [1/km]    [1/km]                               
 2.500E-01 1.400E-01 1.212E-01 1.883E-02 8.655E-01 7.379E-01 1.439E-01
 3.000E-01 1.218E-01 1.127E-01 9.061E-03 9.256E-01 7.234E-01 1.260E-01
 3.500E-01 1.055E-01 9.855E-02 7.000E-03 9.337E-01 7.170E-01 1.098E-01
 4.500E-01 8.027E-02 7.468E-02 5.518E-03 9.312E-01 7.047E-01 8.433E-02
 5.000E-01 7.048E-02 6.551E-02 4.967E-03 9.295E-01 6.977E-01 7.444E-02
 5.500E-01 6.221E-02 5.756E-02 4.654E-03 9.252E-01 6.918E-01 6.604E-02
 6.500E-01 4.938E-02 4.531E-02 4.067E-03 9.177E-01 6.783E-01 5.290E-02
 7.500E-01 4.005E-02 3.638E-02 3.678E-03 9.082E-01 6.662E-01 4.328E-02
 8.000E-01 3.590E-02 3.230E-02 3.600E-03 8.997E-01 6.620E-01 3.900E-02
 1.000E+00 2.552E-02 2.219E-02 3.325E-03 8.698E-01 6.415E-01 2.816E-02
 2.000E+00 7.635E-03 6.219E-03 1.416E-03 8.145E-01 6.842E-01 9.385E-03
 3.500E+00 4.623E-03 3.561E-03 1.062E-03 7.703E-01 7.248E-01 6.373E-03
 4.000E+00 3.727E-03 2.883E-03 8.445E-04 7.734E-01 7.586E-01 5.277E-03
 ----------------------------------------------------------------------------
 Angstrom coefficient calculated at: 0.3500 [um] and 0.5500 [um]
 0.1169E+01 : alpha
 0.3093E-01 : beta
 Angstrom coefficient calculated at: 0.5500 [um] and 0.8000 [um]
 0.1467E+01 : alpha
 0.2588E-01 : beta
 Angstrom coefficient (Globaerosol ATBD) for: 0.5500 [um] and 0.8000 [um] is: 
 -.1467E+01
