            Optical Properties of Aerosols and Clouds (OPAC) v3.16
           ------------------------------------------------------
 Aerosol type        : Continental_Average			: nacomp
 Components          :   5
 Relative humidities :   1
 Wavelengths         :  13
----------------------------------------------------------------------------
 RH  COMP NUMBER    VOLUME    MASS      DENSITY  NUM.MIX  VOL.MIX   MAS.MIX
 [%]     [1/cm3]   [um3/m3]   [ug/m3]   [g/cm3]  RATIO    RATIO     RATIO
----------------------------------------------------------------------------
 98. soot 6.119E+03 3.660E+05       NaN 1.00    4.664E-01 1.171E-03  Infinity
     inso 4.000E-01 1.332E+06       NaN 2.00    3.049E-05 4.263E-03  Infinity
     waso 7.000E+03 5.866E+07       NaN 1.07    5.335E-01 1.877E-01  Infinity
     mitr 5.300E-03 1.671E+04       NaN 2.60    4.040E-07 5.345E-05  Infinity
     suso 5.300E-03 1.458E+03       NaN 1.03    4.040E-07 4.666E-06  Infinity
----------------------------------------------------------------------------
 only particles up to   7.0 micrometer are considered for mass
============================================================================
# 98. % Relative Humidity 
# wavel.    ext.coef  sca.coef  abs.coef  sisc.alb  asym.par  op.depth
#  [um]      [1/km]    [1/km]    [1/km]                               
 2.500E-01 4.425E-01 4.227E-01 1.984E-02 9.552E-01 7.721E-01 3.949E-01
 3.000E-01 4.038E-01 3.947E-01 9.107E-03 9.774E-01 7.727E-01 3.600E-01
 3.500E-01 3.663E-01 3.592E-01 7.026E-03 9.808E-01 7.718E-01 3.261E-01
 4.500E-01 2.996E-01 2.940E-01 5.550E-03 9.814E-01 7.672E-01 2.663E-01
 5.000E-01 2.709E-01 2.659E-01 5.002E-03 9.815E-01 7.643E-01 2.407E-01
 5.500E-01 2.451E-01 2.404E-01 4.700E-03 9.808E-01 7.605E-01 2.178E-01
 6.500E-01 2.025E-01 1.984E-01 4.126E-03 9.797E-01 7.508E-01 1.799E-01
 7.500E-01 1.691E-01 1.653E-01 3.752E-03 9.778E-01 7.401E-01 1.503E-01
 8.000E-01 1.543E-01 1.506E-01 3.689E-03 9.761E-01 7.363E-01 1.372E-01
 1.000E+00 1.113E-01 1.078E-01 3.456E-03 9.690E-01 7.150E-01 9.931E-02
 2.000E+00 2.931E-02 2.749E-02 1.816E-03 9.380E-01 6.480E-01 2.737E-02
 3.500E+00 1.519E-02 1.252E-02 2.668E-03 8.243E-01 5.671E-01 1.514E-02
 4.000E+00 9.515E-03 7.996E-03 1.519E-03 8.404E-01 5.820E-01 1.008E-02
 ----------------------------------------------------------------------------
 Angstrom coefficient calculated at: 0.3500 [um] and 0.5500 [um]
 0.8887E+00 : alpha
 0.1441E+00 : beta
 Angstrom coefficient calculated at: 0.5500 [um] and 0.8000 [um]
 0.1235E+01 : alpha
 0.1171E+00 : beta
 Angstrom coefficient (Globaerosol ATBD) for: 0.5500 [um] and 0.8000 [um] is: 
 -.1235E+01
