            Optical Properties of Aerosols and Clouds (OPAC) v3.16
           ------------------------------------------------------
 Aerosol type        : Continental_Average			: nacomp
 Components          :   5
 Relative humidities :   1
 Wavelengths         :  13
----------------------------------------------------------------------------
 RH  COMP NUMBER    VOLUME    MASS      DENSITY  NUM.MIX  VOL.MIX   MAS.MIX
 [%]     [1/cm3]   [um3/m3]   [ug/m3]   [g/cm3]  RATIO    RATIO     RATIO
----------------------------------------------------------------------------
 80. soot 6.119E+03 3.659E+05       NaN 1.00    4.664E-01 3.662E-03  Infinity
     inso 4.000E-01 1.332E+06       NaN 2.00    3.049E-05 1.333E-02  Infinity
     waso 7.000E+03 1.567E+07       NaN 1.27    5.335E-01 1.568E-01  Infinity
     mitr 5.300E-03 1.671E+04       NaN 2.60    4.040E-07 1.672E-04  Infinity
     suso 5.300E-03 3.430E+02       NaN 1.14    4.040E-07 3.432E-06  Infinity
----------------------------------------------------------------------------
 only particles up to   7.0 micrometer are considered for mass
============================================================================
# 80. % Relative Humidity 
# wavel.    ext.coef  sca.coef  abs.coef  sisc.alb  asym.par  op.depth
#  [um]      [1/km]    [1/km]    [1/km]                               
 2.500E-01 1.634E-01 1.444E-01 1.899E-02 8.837E-01 7.460E-01 1.633E-01
 3.000E-01 1.427E-01 1.336E-01 9.057E-03 9.365E-01 7.335E-01 1.433E-01
 3.500E-01 1.241E-01 1.171E-01 7.003E-03 9.436E-01 7.279E-01 1.253E-01
 4.500E-01 9.497E-02 8.945E-02 5.520E-03 9.419E-01 7.172E-01 9.653E-02
 5.000E-01 8.361E-02 7.865E-02 4.968E-03 9.406E-01 7.100E-01 8.533E-02
 5.500E-01 7.391E-02 6.925E-02 4.657E-03 9.370E-01 7.048E-01 7.574E-02
 6.500E-01 5.881E-02 5.474E-02 4.073E-03 9.308E-01 6.917E-01 6.072E-02
 7.500E-01 4.775E-02 4.406E-02 3.686E-03 9.228E-01 6.789E-01 4.966E-02
 8.000E-01 4.284E-02 3.923E-02 3.611E-03 9.158E-01 6.743E-01 4.476E-02
 1.000E+00 3.030E-02 2.696E-02 3.342E-03 8.897E-01 6.517E-01 3.213E-02
 2.000E+00 8.658E-03 7.215E-03 1.442E-03 8.334E-01 6.699E-01 1.023E-02
 3.500E+00 5.087E-03 3.928E-03 1.159E-03 7.722E-01 6.980E-01 6.757E-03
 4.000E+00 3.974E-03 3.088E-03 8.861E-04 7.771E-01 7.356E-01 5.482E-03
 ----------------------------------------------------------------------------
 Angstrom coefficient calculated at: 0.3500 [um] and 0.5500 [um]
 0.1147E+01 : alpha
 0.3723E-01 : beta
 Angstrom coefficient calculated at: 0.5500 [um] and 0.8000 [um]
 0.1455E+01 : alpha
 0.3096E-01 : beta
 Angstrom coefficient (Globaerosol ATBD) for: 0.5500 [um] and 0.8000 [um] is: 
 -.1455E+01
