            Optical Properties of Aerosols and Clouds (OPAC) v3.16
           ------------------------------------------------------
 Aerosol type        : Continental_Average			: nacomp
 Components          :   5
 Relative humidities :   1
 Wavelengths         :  13
----------------------------------------------------------------------------
 RH  COMP NUMBER    VOLUME    MASS      DENSITY  NUM.MIX  VOL.MIX   MAS.MIX
 [%]     [1/cm3]   [um3/m3]   [ug/m3]   [g/cm3]  RATIO    RATIO     RATIO
----------------------------------------------------------------------------
 95. soot 6.119E+03 3.659E+05       NaN 1.00    4.664E-01 1.882E-03  Infinity
     inso 4.000E-01 1.332E+06       NaN 2.00    3.049E-05 6.853E-03  Infinity
     waso 7.000E+03 3.465E+07       NaN 1.12    5.335E-01 1.782E-01  Infinity
     mitr 5.300E-03 1.671E+04       NaN 2.60    4.040E-07 8.592E-05  Infinity
     suso 5.300E-03 8.030E+02       NaN 1.06    4.040E-07 4.130E-06  Infinity
----------------------------------------------------------------------------
 only particles up to   7.0 micrometer are considered for mass
============================================================================
# 95. % Relative Humidity 
# wavel.    ext.coef  sca.coef  abs.coef  sisc.alb  asym.par  op.depth
#  [um]      [1/km]    [1/km]    [1/km]                               
 2.500E-01 2.969E-01 2.774E-01 1.952E-02 9.342E-01 7.657E-01 2.741E-01
 3.000E-01 2.653E-01 2.562E-01 9.073E-03 9.658E-01 7.622E-01 2.450E-01
 3.500E-01 2.361E-01 2.290E-01 7.011E-03 9.703E-01 7.594E-01 2.181E-01
 4.500E-01 1.872E-01 1.816E-01 5.535E-03 9.705E-01 7.519E-01 1.730E-01
 5.000E-01 1.671E-01 1.622E-01 4.985E-03 9.702E-01 7.472E-01 1.546E-01
 5.500E-01 1.495E-01 1.448E-01 4.681E-03 9.687E-01 7.425E-01 1.384E-01
 6.500E-01 1.212E-01 1.171E-01 4.103E-03 9.662E-01 7.312E-01 1.125E-01
 7.500E-01 9.966E-02 9.594E-02 3.724E-03 9.626E-01 7.189E-01 9.273E-02
 8.000E-01 9.019E-02 8.655E-02 3.657E-03 9.595E-01 7.143E-01 8.404E-02
 1.000E+00 6.397E-02 6.056E-02 3.409E-03 9.467E-01 6.912E-01 6.005E-02
 2.000E+00 1.664E-02 1.503E-02 1.607E-03 9.035E-01 6.425E-01 1.686E-02
 3.500E+00 8.871E-03 7.067E-03 1.803E-03 7.967E-01 6.010E-01 9.896E-03
 4.000E+00 6.021E-03 4.863E-03 1.158E-03 8.077E-01 6.333E-01 7.180E-03
 ----------------------------------------------------------------------------
 Angstrom coefficient calculated at: 0.3500 [um] and 0.5500 [um]
 0.1011E+01 : alpha
 0.8168E-01 : beta
 Angstrom coefficient calculated at: 0.5500 [um] and 0.8000 [um]
 0.1348E+01 : alpha
 0.6676E-01 : beta
 Angstrom coefficient (Globaerosol ATBD) for: 0.5500 [um] and 0.8000 [um] is: 
 -.1348E+01
